[0.025s] Invoking command in '/home/alexandre/PAIR_ROS2/build/turtlesim_msgs': CMAKE_PREFIX_PATH=${CMAKE_PREFIX_PATH}:/opt/ros/kilted /usr/bin/cmake /home/alexandre/PAIR_ROS2/src/ros_tutorials/turtlesim_msgs -DCMAKE_INSTALL_PREFIX=/home/alexandre/PAIR_ROS2/install/turtlesim_msgs
[0.405s] -- The C compiler identification is GNU 13.3.0
[0.887s] -- The CXX compiler identification is GNU 13.3.0
[1.247s] -- Detecting C compiler ABI info
[1.501s] -- Detecting C compiler ABI info - done
[1.510s] -- Check for working C compiler: /usr/bin/cc - skipped
[1.511s] -- Detecting C compile features
[1.512s] -- Detecting C compile features - done
[1.592s] -- Detecting CXX compiler ABI info
[1.828s] -- Detecting CXX compiler ABI info - done
[1.839s] -- Check for working CXX compiler: /usr/bin/c++ - skipped
[1.839s] -- Detecting CXX compile features
[1.840s] -- Detecting CXX compile features - done
[1.861s] -- Found ament_cmake: 2.7.5 (/opt/ros/kilted/share/ament_cmake/cmake)
[2.045s] -- Found Python3: /usr/bin/python3 (found version "3.12.3") found components: Interpreter 
[2.221s] -- Found builtin_interfaces: 2.3.1 (/opt/ros/kilted/share/builtin_interfaces/cmake)
[2.282s] -- Found rosidl_generator_c: 4.9.6 (/opt/ros/kilted/share/rosidl_generator_c/cmake)
[2.304s] -- Found rosidl_generator_cpp: 4.9.6 (/opt/ros/kilted/share/rosidl_generator_cpp/cmake)
[2.347s] -- Using all available rosidl_typesupport_c: rosidl_typesupport_fastrtps_c;rosidl_typesupport_introspection_c
[2.379s] -- Using all available rosidl_typesupport_cpp: rosidl_typesupport_fastrtps_cpp;rosidl_typesupport_introspection_cpp
[2.409s] -- Found rosidl_default_generators: 1.7.2 (/opt/ros/kilted/share/rosidl_default_generators/cmake)
[2.445s] -- Found rosidl_adapter: 4.9.6 (/opt/ros/kilted/share/rosidl_adapter/cmake)
[3.312s] -- Found ament_cmake_cppcheck: 0.19.2 (/opt/ros/kilted/share/ament_cmake_cppcheck/cmake)
[3.320s] -- Found ament_cmake_cpplint: 0.19.2 (/opt/ros/kilted/share/ament_cmake_cpplint/cmake)
[3.327s] -- Found ament_cmake_uncrustify: 0.19.2 (/opt/ros/kilted/share/ament_cmake_uncrustify/cmake)
[3.335s] -- Found ament_cmake_ros_core: 0.14.7 (/opt/ros/kilted/share/ament_cmake_ros_core/cmake)
[4.195s] -- Using all available rosidl_typesupport_c: rosidl_typesupport_fastrtps_c;rosidl_typesupport_introspection_c
[4.565s] -- Using all available rosidl_typesupport_cpp: rosidl_typesupport_fastrtps_cpp;rosidl_typesupport_introspection_cpp
[5.195s] -- Found Python3: /usr/bin/python3 (found version "3.12.3") found components: Interpreter Development NumPy Development.Module Development.Embed 
[5.247s] -- Found ament_cmake_flake8: 0.19.2 (/opt/ros/kilted/share/ament_cmake_flake8/cmake)
[5.253s] -- Found ament_cmake_pep257: 0.19.2 (/opt/ros/kilted/share/ament_cmake_pep257/cmake)
[5.299s] -- Found Python3: /usr/bin/python3 (found version "3.12.3") found components: Interpreter 
[5.327s] -- Configuring done (5.2s)
[5.423s] -- Generating done (0.1s)
[5.446s] -- Build files have been written to: /home/alexandre/PAIR_ROS2/build/turtlesim_msgs
[5.457s] Invoked command in '/home/alexandre/PAIR_ROS2/build/turtlesim_msgs' returned '0': CMAKE_PREFIX_PATH=${CMAKE_PREFIX_PATH}:/opt/ros/kilted /usr/bin/cmake /home/alexandre/PAIR_ROS2/src/ros_tutorials/turtlesim_msgs -DCMAKE_INSTALL_PREFIX=/home/alexandre/PAIR_ROS2/install/turtlesim_msgs
[5.458s] Invoking command in '/home/alexandre/PAIR_ROS2/build/turtlesim_msgs': CMAKE_PREFIX_PATH=${CMAKE_PREFIX_PATH}:/opt/ros/kilted /usr/bin/cmake --build /home/alexandre/PAIR_ROS2/build/turtlesim_msgs -- -j8 -l8
[5.516s] [  2%] [34m[1mGenerating type hashes for ROS interfaces[0m
[5.516s] [  2%] [34m[1mGenerating Rust code for ROS interfaces[0m
[5.528s] [  2%] Built target ament_cmake_python_copy_turtlesim_msgs
[5.951s] running egg_info
[5.952s] creating turtlesim_msgs.egg-info
[5.994s] [  2%] Built target turtlesim_msgs__rosidl_generator_type_description
[6.002s] writing turtlesim_msgs.egg-info/PKG-INFO
[6.002s] writing dependency_links to turtlesim_msgs.egg-info/dependency_links.txt
[6.002s] writing top-level names to turtlesim_msgs.egg-info/top_level.txt
[6.003s] writing manifest file 'turtlesim_msgs.egg-info/SOURCES.txt'
[6.009s] [  3%] [34m[1mGenerating C code for ROS interfaces[0m
[6.028s] [  3%] [34m[1mGenerating C++ code for ROS interfaces[0m
[6.137s] reading manifest file 'turtlesim_msgs.egg-info/SOURCES.txt'
[6.138s] writing manifest file 'turtlesim_msgs.egg-info/SOURCES.txt'
[6.147s] [  3%] Built target turtlesim_msgs__rs
[6.182s] [  3%] Built target ament_cmake_python_build_turtlesim_msgs_egg
[7.200s] [  3%] Built target turtlesim_msgs__cpp
[7.417s] [  5%] [32mBuilding C object CMakeFiles/turtlesim_msgs__rosidl_generator_c.dir/rosidl_generator_c/turtlesim_msgs/action/detail/rotate_absolute__functions.c.o[0m
[7.417s] [  5%] [32mBuilding C object CMakeFiles/turtlesim_msgs__rosidl_generator_c.dir/rosidl_generator_c/turtlesim_msgs/msg/detail/color__functions.c.o[0m
[7.418s] [  6%] [32mBuilding C object CMakeFiles/turtlesim_msgs__rosidl_generator_c.dir/rosidl_generator_c/turtlesim_msgs/action/detail/rotate_absolute__type_support.c.o[0m
[7.418s] [  7%] [32mBuilding C object CMakeFiles/turtlesim_msgs__rosidl_generator_c.dir/rosidl_generator_c/turtlesim_msgs/action/detail/rotate_absolute__description.c.o[0m
[7.418s] [  8%] [32mBuilding C object CMakeFiles/turtlesim_msgs__rosidl_generator_c.dir/rosidl_generator_c/turtlesim_msgs/msg/detail/color__description.c.o[0m
[7.418s] [  9%] [32mBuilding C object CMakeFiles/turtlesim_msgs__rosidl_generator_c.dir/rosidl_generator_c/turtlesim_msgs/msg/detail/color__type_support.c.o[0m
[7.418s] [ 10%] [32mBuilding C object CMakeFiles/turtlesim_msgs__rosidl_generator_c.dir/rosidl_generator_c/turtlesim_msgs/msg/detail/pose__description.c.o[0m
[7.423s] [ 11%] [32mBuilding C object CMakeFiles/turtlesim_msgs__rosidl_generator_c.dir/rosidl_generator_c/turtlesim_msgs/msg/detail/pose__functions.c.o[0m
[7.519s] [ 12%] [32mBuilding C object CMakeFiles/turtlesim_msgs__rosidl_generator_c.dir/rosidl_generator_c/turtlesim_msgs/msg/detail/pose__type_support.c.o[0m
[7.523s] [ 13%] [32mBuilding C object CMakeFiles/turtlesim_msgs__rosidl_generator_c.dir/rosidl_generator_c/turtlesim_msgs/srv/detail/kill__description.c.o[0m
[7.531s] [ 14%] [32mBuilding C object CMakeFiles/turtlesim_msgs__rosidl_generator_c.dir/rosidl_generator_c/turtlesim_msgs/srv/detail/kill__functions.c.o[0m
[7.544s] [ 15%] [32mBuilding C object CMakeFiles/turtlesim_msgs__rosidl_generator_c.dir/rosidl_generator_c/turtlesim_msgs/srv/detail/kill__type_support.c.o[0m
[7.553s] [ 16%] [32mBuilding C object CMakeFiles/turtlesim_msgs__rosidl_generator_c.dir/rosidl_generator_c/turtlesim_msgs/srv/detail/set_pen__description.c.o[0m
[7.573s] [ 17%] [32mBuilding C object CMakeFiles/turtlesim_msgs__rosidl_generator_c.dir/rosidl_generator_c/turtlesim_msgs/srv/detail/set_pen__functions.c.o[0m
[7.600s] [ 18%] [32mBuilding C object CMakeFiles/turtlesim_msgs__rosidl_generator_c.dir/rosidl_generator_c/turtlesim_msgs/srv/detail/set_pen__type_support.c.o[0m
[7.624s] [ 20%] [32mBuilding C object CMakeFiles/turtlesim_msgs__rosidl_generator_c.dir/rosidl_generator_c/turtlesim_msgs/srv/detail/spawn__description.c.o[0m
[7.624s] [ 20%] [32mBuilding C object CMakeFiles/turtlesim_msgs__rosidl_generator_c.dir/rosidl_generator_c/turtlesim_msgs/srv/detail/spawn__functions.c.o[0m
[7.631s] [ 21%] [32mBuilding C object CMakeFiles/turtlesim_msgs__rosidl_generator_c.dir/rosidl_generator_c/turtlesim_msgs/srv/detail/spawn__type_support.c.o[0m
[7.650s] [ 21%] [32mBuilding C object CMakeFiles/turtlesim_msgs__rosidl_generator_c.dir/rosidl_generator_c/turtlesim_msgs/srv/detail/teleport_absolute__description.c.o[0m
[7.676s] [ 22%] [32mBuilding C object CMakeFiles/turtlesim_msgs__rosidl_generator_c.dir/rosidl_generator_c/turtlesim_msgs/srv/detail/teleport_absolute__functions.c.o[0m
[7.679s] [ 23%] [32mBuilding C object CMakeFiles/turtlesim_msgs__rosidl_generator_c.dir/rosidl_generator_c/turtlesim_msgs/srv/detail/teleport_absolute__type_support.c.o[0m
[7.698s] [ 24%] [32mBuilding C object CMakeFiles/turtlesim_msgs__rosidl_generator_c.dir/rosidl_generator_c/turtlesim_msgs/srv/detail/teleport_relative__description.c.o[0m
[7.717s] [ 25%] [32mBuilding C object CMakeFiles/turtlesim_msgs__rosidl_generator_c.dir/rosidl_generator_c/turtlesim_msgs/srv/detail/teleport_relative__functions.c.o[0m
[7.719s] [ 26%] [32mBuilding C object CMakeFiles/turtlesim_msgs__rosidl_generator_c.dir/rosidl_generator_c/turtlesim_msgs/srv/detail/teleport_relative__type_support.c.o[0m
[7.817s] [ 27%] [32m[1mLinking C shared library libturtlesim_msgs__rosidl_generator_c.so[0m
[7.935s] [ 27%] Built target turtlesim_msgs__rosidl_generator_c
[7.952s] [ 28%] [34m[1mGenerating C type support for eProsima Fast-RTPS[0m
[7.952s] [ 29%] [34m[1mGenerating C++ type support for eProsima Fast-RTPS[0m
[7.954s] [ 30%] [34m[1mGenerating C type support dispatch for ROS interfaces[0m
[7.954s] [ 31%] [34m[1mGenerating C introspection for ROS interfaces[0m
[7.954s] [ 32%] [34m[1mGenerating C++ introspection for ROS interfaces[0m
[7.955s] [ 33%] [34m[1mGenerating C++ type support dispatch for ROS interfaces[0m
[9.046s] [ 34%] [32mBuilding CXX object CMakeFiles/turtlesim_msgs__rosidl_typesupport_c.dir/rosidl_typesupport_c/turtlesim_msgs/action/rotate_absolute__type_support.cpp.o[0m
[9.046s] [ 35%] [32mBuilding CXX object CMakeFiles/turtlesim_msgs__rosidl_typesupport_c.dir/rosidl_typesupport_c/turtlesim_msgs/msg/color__type_support.cpp.o[0m
[9.067s] [ 36%] [32mBuilding CXX object CMakeFiles/turtlesim_msgs__rosidl_typesupport_c.dir/rosidl_typesupport_c/turtlesim_msgs/msg/pose__type_support.cpp.o[0m
[9.134s] [ 37%] [32mBuilding CXX object CMakeFiles/turtlesim_msgs__rosidl_typesupport_cpp.dir/rosidl_typesupport_cpp/turtlesim_msgs/action/rotate_absolute__type_support.cpp.o[0m
[9.171s] [ 38%] [32mBuilding CXX object CMakeFiles/turtlesim_msgs__rosidl_typesupport_cpp.dir/rosidl_typesupport_cpp/turtlesim_msgs/msg/color__type_support.cpp.o[0m
[9.171s] [ 39%] [32mBuilding CXX object CMakeFiles/turtlesim_msgs__rosidl_typesupport_cpp.dir/rosidl_typesupport_cpp/turtlesim_msgs/msg/pose__type_support.cpp.o[0m
[9.217s] [ 39%] [32mBuilding CXX object CMakeFiles/turtlesim_msgs__rosidl_typesupport_c.dir/rosidl_typesupport_c/turtlesim_msgs/srv/kill__type_support.cpp.o[0m
[9.314s] [ 40%] [32mBuilding CXX object CMakeFiles/turtlesim_msgs__rosidl_typesupport_c.dir/rosidl_typesupport_c/turtlesim_msgs/srv/set_pen__type_support.cpp.o[0m
[9.410s] [ 41%] [32mBuilding CXX object CMakeFiles/turtlesim_msgs__rosidl_typesupport_c.dir/rosidl_typesupport_c/turtlesim_msgs/srv/spawn__type_support.cpp.o[0m
[9.518s] [ 42%] [32mBuilding CXX object CMakeFiles/turtlesim_msgs__rosidl_typesupport_c.dir/rosidl_typesupport_c/turtlesim_msgs/srv/teleport_absolute__type_support.cpp.o[0m
[9.649s] [ 43%] [32mBuilding CXX object CMakeFiles/turtlesim_msgs__rosidl_typesupport_c.dir/rosidl_typesupport_c/turtlesim_msgs/srv/teleport_relative__type_support.cpp.o[0m
[9.658s] [ 44%] [32mBuilding CXX object CMakeFiles/turtlesim_msgs__rosidl_typesupport_introspection_cpp.dir/rosidl_typesupport_introspection_cpp/turtlesim_msgs/action/detail/rotate_absolute__type_support.cpp.o[0m
[9.771s] [ 45%] [32mBuilding C object CMakeFiles/turtlesim_msgs__rosidl_typesupport_introspection_c.dir/rosidl_typesupport_introspection_c/turtlesim_msgs/action/detail/rotate_absolute__type_support.c.o[0m
[9.782s] [ 46%] [32m[1mLinking CXX shared library libturtlesim_msgs__rosidl_typesupport_c.so[0m
[9.982s] [ 47%] [32mBuilding C object CMakeFiles/turtlesim_msgs__rosidl_typesupport_introspection_c.dir/rosidl_typesupport_introspection_c/turtlesim_msgs/msg/detail/color__type_support.c.o[0m
[10.083s] [ 48%] [32mBuilding C object CMakeFiles/turtlesim_msgs__rosidl_typesupport_introspection_c.dir/rosidl_typesupport_introspection_c/turtlesim_msgs/msg/detail/pose__type_support.c.o[0m
[10.095s] [ 49%] [32mBuilding CXX object CMakeFiles/turtlesim_msgs__rosidl_typesupport_introspection_cpp.dir/rosidl_typesupport_introspection_cpp/turtlesim_msgs/msg/detail/pose__type_support.cpp.o[0m
[10.101s] [ 50%] [32mBuilding CXX object CMakeFiles/turtlesim_msgs__rosidl_typesupport_introspection_cpp.dir/rosidl_typesupport_introspection_cpp/turtlesim_msgs/msg/detail/color__type_support.cpp.o[0m
[10.109s] [ 50%] Built target turtlesim_msgs__rosidl_typesupport_c
[10.124s] [ 51%] [32mBuilding CXX object CMakeFiles/turtlesim_msgs__rosidl_typesupport_cpp.dir/rosidl_typesupport_cpp/turtlesim_msgs/srv/kill__type_support.cpp.o[0m
[10.157s] [ 52%] [32mBuilding C object CMakeFiles/turtlesim_msgs__rosidl_typesupport_introspection_c.dir/rosidl_typesupport_introspection_c/turtlesim_msgs/srv/detail/kill__type_support.c.o[0m
[10.251s] [ 53%] [32mBuilding C object CMakeFiles/turtlesim_msgs__rosidl_typesupport_introspection_c.dir/rosidl_typesupport_introspection_c/turtlesim_msgs/srv/detail/set_pen__type_support.c.o[0m
[10.441s] [ 53%] [32mBuilding C object CMakeFiles/turtlesim_msgs__rosidl_typesupport_introspection_c.dir/rosidl_typesupport_introspection_c/turtlesim_msgs/srv/detail/spawn__type_support.c.o[0m
[10.559s] [ 54%] [32mBuilding C object CMakeFiles/turtlesim_msgs__rosidl_typesupport_introspection_c.dir/rosidl_typesupport_introspection_c/turtlesim_msgs/srv/detail/teleport_absolute__type_support.c.o[0m
[10.675s] [ 55%] [32mBuilding C object CMakeFiles/turtlesim_msgs__rosidl_typesupport_introspection_c.dir/rosidl_typesupport_introspection_c/turtlesim_msgs/srv/detail/teleport_relative__type_support.c.o[0m
[10.846s] [ 56%] [32m[1mLinking C shared library libturtlesim_msgs__rosidl_typesupport_introspection_c.so[0m
[10.874s] [ 57%] [32mBuilding CXX object CMakeFiles/turtlesim_msgs__rosidl_typesupport_fastrtps_cpp.dir/rosidl_typesupport_fastrtps_cpp/turtlesim_msgs/action/detail/dds_fastrtps/rotate_absolute__type_support.cpp.o[0m
[10.957s] [ 58%] [32mBuilding CXX object CMakeFiles/turtlesim_msgs__rosidl_typesupport_cpp.dir/rosidl_typesupport_cpp/turtlesim_msgs/srv/set_pen__type_support.cpp.o[0m
[11.035s] [ 59%] [32mBuilding CXX object CMakeFiles/turtlesim_msgs__rosidl_typesupport_introspection_cpp.dir/rosidl_typesupport_introspection_cpp/turtlesim_msgs/srv/detail/kill__type_support.cpp.o[0m
[11.082s] [ 60%] [32mBuilding CXX object CMakeFiles/turtlesim_msgs__rosidl_typesupport_fastrtps_c.dir/rosidl_typesupport_fastrtps_c/turtlesim_msgs/action/detail/rotate_absolute__type_support_c.cpp.o[0m
[11.172s] [ 60%] Built target turtlesim_msgs__rosidl_typesupport_introspection_c
[11.194s] [ 61%] [32mBuilding CXX object CMakeFiles/turtlesim_msgs__rosidl_typesupport_introspection_cpp.dir/rosidl_typesupport_introspection_cpp/turtlesim_msgs/srv/detail/set_pen__type_support.cpp.o[0m
[11.508s] [ 62%] [32mBuilding CXX object CMakeFiles/turtlesim_msgs__rosidl_typesupport_fastrtps_c.dir/rosidl_typesupport_fastrtps_c/turtlesim_msgs/msg/detail/color__type_support_c.cpp.o[0m
[11.508s] [ 63%] [32mBuilding CXX object CMakeFiles/turtlesim_msgs__rosidl_typesupport_introspection_cpp.dir/rosidl_typesupport_introspection_cpp/turtlesim_msgs/srv/detail/spawn__type_support.cpp.o[0m
[11.800s] [ 64%] [32mBuilding CXX object CMakeFiles/turtlesim_msgs__rosidl_typesupport_introspection_cpp.dir/rosidl_typesupport_introspection_cpp/turtlesim_msgs/srv/detail/teleport_absolute__type_support.cpp.o[0m
[11.805s] [ 65%] [32mBuilding CXX object CMakeFiles/turtlesim_msgs__rosidl_typesupport_cpp.dir/rosidl_typesupport_cpp/turtlesim_msgs/srv/spawn__type_support.cpp.o[0m
[11.921s] [ 66%] [32mBuilding CXX object CMakeFiles/turtlesim_msgs__rosidl_typesupport_cpp.dir/rosidl_typesupport_cpp/turtlesim_msgs/srv/teleport_absolute__type_support.cpp.o[0m
[12.038s] [ 67%] [32mBuilding CXX object CMakeFiles/turtlesim_msgs__rosidl_typesupport_cpp.dir/rosidl_typesupport_cpp/turtlesim_msgs/srv/teleport_relative__type_support.cpp.o[0m
[12.351s] [ 68%] [32mBuilding CXX object CMakeFiles/turtlesim_msgs__rosidl_typesupport_introspection_cpp.dir/rosidl_typesupport_introspection_cpp/turtlesim_msgs/srv/detail/teleport_relative__type_support.cpp.o[0m
[12.639s] [ 69%] [32mBuilding CXX object CMakeFiles/turtlesim_msgs__rosidl_typesupport_fastrtps_cpp.dir/rosidl_typesupport_fastrtps_cpp/turtlesim_msgs/msg/detail/dds_fastrtps/color__type_support.cpp.o[0m
[12.671s] [ 70%] [32mBuilding CXX object CMakeFiles/turtlesim_msgs__rosidl_typesupport_fastrtps_cpp.dir/rosidl_typesupport_fastrtps_cpp/turtlesim_msgs/msg/detail/dds_fastrtps/pose__type_support.cpp.o[0m
[12.674s] [ 71%] [32mBuilding CXX object CMakeFiles/turtlesim_msgs__rosidl_typesupport_fastrtps_cpp.dir/rosidl_typesupport_fastrtps_cpp/turtlesim_msgs/srv/detail/dds_fastrtps/kill__type_support.cpp.o[0m
[12.812s] [ 72%] [32mBuilding CXX object CMakeFiles/turtlesim_msgs__rosidl_typesupport_fastrtps_c.dir/rosidl_typesupport_fastrtps_c/turtlesim_msgs/msg/detail/pose__type_support_c.cpp.o[0m
[12.934s] [ 73%] [32m[1mLinking CXX shared library libturtlesim_msgs__rosidl_typesupport_cpp.so[0m
[13.279s] [ 73%] Built target turtlesim_msgs__rosidl_typesupport_cpp
[13.312s] [ 74%] [32mBuilding CXX object CMakeFiles/turtlesim_msgs__rosidl_typesupport_fastrtps_c.dir/rosidl_typesupport_fastrtps_c/turtlesim_msgs/srv/detail/kill__type_support_c.cpp.o[0m
[13.455s] [ 75%] [32m[1mLinking CXX shared library libturtlesim_msgs__rosidl_typesupport_introspection_cpp.so[0m
[13.511s] [ 76%] [32mBuilding CXX object CMakeFiles/turtlesim_msgs__rosidl_typesupport_fastrtps_cpp.dir/rosidl_typesupport_fastrtps_cpp/turtlesim_msgs/srv/detail/dds_fastrtps/set_pen__type_support.cpp.o[0m
[13.935s] [ 76%] Built target turtlesim_msgs__rosidl_typesupport_introspection_cpp
[13.952s] [ 77%] [32mBuilding CXX object CMakeFiles/turtlesim_msgs__rosidl_typesupport_fastrtps_cpp.dir/rosidl_typesupport_fastrtps_cpp/turtlesim_msgs/srv/detail/dds_fastrtps/spawn__type_support.cpp.o[0m
[13.991s] [ 78%] [32mBuilding CXX object CMakeFiles/turtlesim_msgs__rosidl_typesupport_fastrtps_cpp.dir/rosidl_typesupport_fastrtps_cpp/turtlesim_msgs/srv/detail/dds_fastrtps/teleport_absolute__type_support.cpp.o[0m
[14.027s] [ 78%] [32mBuilding CXX object CMakeFiles/turtlesim_msgs__rosidl_typesupport_fastrtps_c.dir/rosidl_typesupport_fastrtps_c/turtlesim_msgs/srv/detail/set_pen__type_support_c.cpp.o[0m
[14.237s] [ 79%] [32mBuilding CXX object CMakeFiles/turtlesim_msgs__rosidl_typesupport_fastrtps_c.dir/rosidl_typesupport_fastrtps_c/turtlesim_msgs/srv/detail/spawn__type_support_c.cpp.o[0m
[14.562s] [ 80%] [32mBuilding CXX object CMakeFiles/turtlesim_msgs__rosidl_typesupport_fastrtps_c.dir/rosidl_typesupport_fastrtps_c/turtlesim_msgs/srv/detail/teleport_absolute__type_support_c.cpp.o[0m
[14.883s] [ 81%] [32mBuilding CXX object CMakeFiles/turtlesim_msgs__rosidl_typesupport_fastrtps_cpp.dir/rosidl_typesupport_fastrtps_cpp/turtlesim_msgs/srv/detail/dds_fastrtps/teleport_relative__type_support.cpp.o[0m
[15.134s] [ 82%] [32mBuilding CXX object CMakeFiles/turtlesim_msgs__rosidl_typesupport_fastrtps_c.dir/rosidl_typesupport_fastrtps_c/turtlesim_msgs/srv/detail/teleport_relative__type_support_c.cpp.o[0m
[16.315s] [ 83%] [32m[1mLinking CXX shared library libturtlesim_msgs__rosidl_typesupport_fastrtps_c.so[0m
[16.404s] [ 84%] [32m[1mLinking CXX shared library libturtlesim_msgs__rosidl_typesupport_fastrtps_cpp.so[0m
[16.516s] [ 84%] Built target turtlesim_msgs__rosidl_typesupport_fastrtps_c
[16.596s] [ 84%] Built target turtlesim_msgs__rosidl_typesupport_fastrtps_cpp
[16.617s] [ 84%] Built target turtlesim_msgs
[16.644s] [ 85%] [34m[1mGenerating Python code for ROS interfaces[0m
[18.588s] [ 85%] Built target turtlesim_msgs__py
[18.622s] [ 86%] [32mBuilding C object CMakeFiles/turtlesim_msgs__rosidl_generator_py.dir/rosidl_generator_py/turtlesim_msgs/action/_rotate_absolute_s.c.o[0m
[18.623s] [ 87%] [32mBuilding C object CMakeFiles/turtlesim_msgs__rosidl_generator_py.dir/rosidl_generator_py/turtlesim_msgs/msg/_pose_s.c.o[0m
[18.623s] [ 89%] [32mBuilding C object CMakeFiles/turtlesim_msgs__rosidl_generator_py.dir/rosidl_generator_py/turtlesim_msgs/srv/_teleport_absolute_s.c.o[0m
[18.623s] [ 89%] [32mBuilding C object CMakeFiles/turtlesim_msgs__rosidl_generator_py.dir/rosidl_generator_py/turtlesim_msgs/srv/_set_pen_s.c.o[0m
[18.623s] [ 90%] [32mBuilding C object CMakeFiles/turtlesim_msgs__rosidl_generator_py.dir/rosidl_generator_py/turtlesim_msgs/msg/_color_s.c.o[0m
[18.624s] [ 91%] [32mBuilding C object CMakeFiles/turtlesim_msgs__rosidl_generator_py.dir/rosidl_generator_py/turtlesim_msgs/srv/_teleport_relative_s.c.o[0m
[18.626s] [ 92%] [32mBuilding C object CMakeFiles/turtlesim_msgs__rosidl_generator_py.dir/rosidl_generator_py/turtlesim_msgs/srv/_kill_s.c.o[0m
[18.630s] [ 93%] [32mBuilding C object CMakeFiles/turtlesim_msgs__rosidl_generator_py.dir/rosidl_generator_py/turtlesim_msgs/srv/_spawn_s.c.o[0m
[19.080s] [ 94%] [32m[1mLinking C shared library libturtlesim_msgs__rosidl_generator_py.so[0m
[19.204s] [ 94%] Built target turtlesim_msgs__rosidl_generator_py
[19.230s] [ 97%] [32mBuilding C object CMakeFiles/turtlesim_msgs_s__rosidl_typesupport_fastrtps_c.dir/rosidl_generator_py/turtlesim_msgs/_turtlesim_msgs_s.ep.rosidl_typesupport_fastrtps_c.c.o[0m
[19.230s] [ 97%] [32mBuilding C object CMakeFiles/turtlesim_msgs_s__rosidl_typesupport_c.dir/rosidl_generator_py/turtlesim_msgs/_turtlesim_msgs_s.ep.rosidl_typesupport_c.c.o[0m
[19.231s] [ 97%] [32mBuilding C object CMakeFiles/turtlesim_msgs_s__rosidl_typesupport_introspection_c.dir/rosidl_generator_py/turtlesim_msgs/_turtlesim_msgs_s.ep.rosidl_typesupport_introspection_c.c.o[0m
[19.469s] [ 98%] [32m[1mLinking C shared module rosidl_generator_py/turtlesim_msgs/turtlesim_msgs_s__rosidl_typesupport_c.so[0m
[19.494s] [ 99%] [32m[1mLinking C shared module rosidl_generator_py/turtlesim_msgs/turtlesim_msgs_s__rosidl_typesupport_fastrtps_c.so[0m
[19.496s] [100%] [32m[1mLinking C shared module rosidl_generator_py/turtlesim_msgs/turtlesim_msgs_s__rosidl_typesupport_introspection_c.so[0m
[19.599s] [100%] Built target turtlesim_msgs_s__rosidl_typesupport_c
[19.600s] [100%] Built target turtlesim_msgs_s__rosidl_typesupport_introspection_c
[19.600s] [100%] Built target turtlesim_msgs_s__rosidl_typesupport_fastrtps_c
[19.618s] Invoked command in '/home/alexandre/PAIR_ROS2/build/turtlesim_msgs' returned '0': CMAKE_PREFIX_PATH=${CMAKE_PREFIX_PATH}:/opt/ros/kilted /usr/bin/cmake --build /home/alexandre/PAIR_ROS2/build/turtlesim_msgs -- -j8 -l8
[19.632s] Invoking command in '/home/alexandre/PAIR_ROS2/build/turtlesim_msgs': CMAKE_PREFIX_PATH=${CMAKE_PREFIX_PATH}:/opt/ros/kilted /usr/bin/cmake --install /home/alexandre/PAIR_ROS2/build/turtlesim_msgs
[19.641s] -- Install configuration: ""
[19.643s] -- Installing: /home/alexandre/PAIR_ROS2/install/turtlesim_msgs/share/ament_index/resource_index/rosidl_interfaces/turtlesim_msgs
[19.644s] -- Installing: /home/alexandre/PAIR_ROS2/install/turtlesim_msgs/share/turtlesim_msgs/action/RotateAbsolute.json
[19.646s] -- Installing: /home/alexandre/PAIR_ROS2/install/turtlesim_msgs/share/turtlesim_msgs/msg/Color.json
[19.646s] -- Installing: /home/alexandre/PAIR_ROS2/install/turtlesim_msgs/share/turtlesim_msgs/msg/Pose.json
[19.647s] -- Installing: /home/alexandre/PAIR_ROS2/install/turtlesim_msgs/share/turtlesim_msgs/srv/Kill.json
[19.648s] -- Installing: /home/alexandre/PAIR_ROS2/install/turtlesim_msgs/share/turtlesim_msgs/srv/SetPen.json
[19.648s] -- Installing: /home/alexandre/PAIR_ROS2/install/turtlesim_msgs/share/turtlesim_msgs/srv/Spawn.json
[19.649s] -- Installing: /home/alexandre/PAIR_ROS2/install/turtlesim_msgs/share/turtlesim_msgs/srv/TeleportAbsolute.json
[19.649s] -- Installing: /home/alexandre/PAIR_ROS2/install/turtlesim_msgs/share/turtlesim_msgs/srv/TeleportRelative.json
[19.649s] -- Installing: /home/alexandre/PAIR_ROS2/install/turtlesim_msgs/include/turtlesim_msgs/turtlesim_msgs
[19.650s] -- Installing: /home/alexandre/PAIR_ROS2/install/turtlesim_msgs/include/turtlesim_msgs/turtlesim_msgs/action
[19.650s] -- Installing: /home/alexandre/PAIR_ROS2/install/turtlesim_msgs/include/turtlesim_msgs/turtlesim_msgs/action/detail
[19.651s] -- Installing: /home/alexandre/PAIR_ROS2/install/turtlesim_msgs/include/turtlesim_msgs/turtlesim_msgs/action/detail/rotate_absolute__struct.h
[19.651s] -- Installing: /home/alexandre/PAIR_ROS2/install/turtlesim_msgs/include/turtlesim_msgs/turtlesim_msgs/action/detail/rotate_absolute__description.c
[19.651s] -- Installing: /home/alexandre/PAIR_ROS2/install/turtlesim_msgs/include/turtlesim_msgs/turtlesim_msgs/action/detail/rotate_absolute__functions.c
[19.652s] -- Installing: /home/alexandre/PAIR_ROS2/install/turtlesim_msgs/include/turtlesim_msgs/turtlesim_msgs/action/detail/rotate_absolute__type_support.h
[19.652s] -- Installing: /home/alexandre/PAIR_ROS2/install/turtlesim_msgs/include/turtlesim_msgs/turtlesim_msgs/action/detail/rotate_absolute__type_support.c
[19.652s] -- Installing: /home/alexandre/PAIR_ROS2/install/turtlesim_msgs/include/turtlesim_msgs/turtlesim_msgs/action/detail/rotate_absolute__functions.h
[19.652s] -- Installing: /home/alexandre/PAIR_ROS2/install/turtlesim_msgs/include/turtlesim_msgs/turtlesim_msgs/action/rotate_absolute.h
[19.653s] -- Installing: /home/alexandre/PAIR_ROS2/install/turtlesim_msgs/include/turtlesim_msgs/turtlesim_msgs/msg
[19.653s] -- Installing: /home/alexandre/PAIR_ROS2/install/turtlesim_msgs/include/turtlesim_msgs/turtlesim_msgs/msg/color.h
[19.653s] -- Installing: /home/alexandre/PAIR_ROS2/install/turtlesim_msgs/include/turtlesim_msgs/turtlesim_msgs/msg/detail
[19.654s] -- Installing: /home/alexandre/PAIR_ROS2/install/turtlesim_msgs/include/turtlesim_msgs/turtlesim_msgs/msg/detail/color__struct.h
[19.654s] -- Installing: /home/alexandre/PAIR_ROS2/install/turtlesim_msgs/include/turtlesim_msgs/turtlesim_msgs/msg/detail/pose__functions.h
[19.654s] -- Installing: /home/alexandre/PAIR_ROS2/install/turtlesim_msgs/include/turtlesim_msgs/turtlesim_msgs/msg/detail/pose__struct.h
[19.654s] -- Installing: /home/alexandre/PAIR_ROS2/install/turtlesim_msgs/include/turtlesim_msgs/turtlesim_msgs/msg/detail/pose__type_support.h
[19.654s] -- Installing: /home/alexandre/PAIR_ROS2/install/turtlesim_msgs/include/turtlesim_msgs/turtlesim_msgs/msg/detail/color__type_support.c
[19.655s] -- Installing: /home/alexandre/PAIR_ROS2/install/turtlesim_msgs/include/turtlesim_msgs/turtlesim_msgs/msg/detail/pose__type_support.c
[19.655s] -- Installing: /home/alexandre/PAIR_ROS2/install/turtlesim_msgs/include/turtlesim_msgs/turtlesim_msgs/msg/detail/color__type_support.h
[19.655s] -- Installing: /home/alexandre/PAIR_ROS2/install/turtlesim_msgs/include/turtlesim_msgs/turtlesim_msgs/msg/detail/pose__functions.c
[19.656s] -- Installing: /home/alexandre/PAIR_ROS2/install/turtlesim_msgs/include/turtlesim_msgs/turtlesim_msgs/msg/detail/pose__description.c
[19.656s] -- Installing: /home/alexandre/PAIR_ROS2/install/turtlesim_msgs/include/turtlesim_msgs/turtlesim_msgs/msg/detail/color__description.c
[19.656s] -- Installing: /home/alexandre/PAIR_ROS2/install/turtlesim_msgs/include/turtlesim_msgs/turtlesim_msgs/msg/detail/color__functions.c
[19.656s] -- Installing: /home/alexandre/PAIR_ROS2/install/turtlesim_msgs/include/turtlesim_msgs/turtlesim_msgs/msg/detail/color__functions.h
[19.656s] -- Installing: /home/alexandre/PAIR_ROS2/install/turtlesim_msgs/include/turtlesim_msgs/turtlesim_msgs/msg/pose.h
[19.657s] -- Installing: /home/alexandre/PAIR_ROS2/install/turtlesim_msgs/include/turtlesim_msgs/turtlesim_msgs/msg/rosidl_generator_c__visibility_control.h
[19.657s] -- Installing: /home/alexandre/PAIR_ROS2/install/turtlesim_msgs/include/turtlesim_msgs/turtlesim_msgs/srv
[19.657s] -- Installing: /home/alexandre/PAIR_ROS2/install/turtlesim_msgs/include/turtlesim_msgs/turtlesim_msgs/srv/detail
[19.657s] -- Installing: /home/alexandre/PAIR_ROS2/install/turtlesim_msgs/include/turtlesim_msgs/turtlesim_msgs/srv/detail/teleport_absolute__type_support.h
[19.657s] -- Installing: /home/alexandre/PAIR_ROS2/install/turtlesim_msgs/include/turtlesim_msgs/turtlesim_msgs/srv/detail/spawn__functions.c
[19.658s] -- Installing: /home/alexandre/PAIR_ROS2/install/turtlesim_msgs/include/turtlesim_msgs/turtlesim_msgs/srv/detail/kill__type_support.h
[19.658s] -- Installing: /home/alexandre/PAIR_ROS2/install/turtlesim_msgs/include/turtlesim_msgs/turtlesim_msgs/srv/detail/set_pen__functions.c
[19.658s] -- Installing: /home/alexandre/PAIR_ROS2/install/turtlesim_msgs/include/turtlesim_msgs/turtlesim_msgs/srv/detail/spawn__description.c
[19.658s] -- Installing: /home/alexandre/PAIR_ROS2/install/turtlesim_msgs/include/turtlesim_msgs/turtlesim_msgs/srv/detail/teleport_relative__type_support.c
[19.659s] -- Installing: /home/alexandre/PAIR_ROS2/install/turtlesim_msgs/include/turtlesim_msgs/turtlesim_msgs/srv/detail/teleport_absolute__struct.h
[19.659s] -- Installing: /home/alexandre/PAIR_ROS2/install/turtlesim_msgs/include/turtlesim_msgs/turtlesim_msgs/srv/detail/spawn__functions.h
[19.659s] -- Installing: /home/alexandre/PAIR_ROS2/install/turtlesim_msgs/include/turtlesim_msgs/turtlesim_msgs/srv/detail/kill__functions.c
[19.659s] -- Installing: /home/alexandre/PAIR_ROS2/install/turtlesim_msgs/include/turtlesim_msgs/turtlesim_msgs/srv/detail/teleport_absolute__description.c
[19.659s] -- Installing: /home/alexandre/PAIR_ROS2/install/turtlesim_msgs/include/turtlesim_msgs/turtlesim_msgs/srv/detail/kill__functions.h
[19.660s] -- Installing: /home/alexandre/PAIR_ROS2/install/turtlesim_msgs/include/turtlesim_msgs/turtlesim_msgs/srv/detail/kill__description.c
[19.660s] -- Installing: /home/alexandre/PAIR_ROS2/install/turtlesim_msgs/include/turtlesim_msgs/turtlesim_msgs/srv/detail/spawn__type_support.c
[19.660s] -- Installing: /home/alexandre/PAIR_ROS2/install/turtlesim_msgs/include/turtlesim_msgs/turtlesim_msgs/srv/detail/set_pen__type_support.c
[19.660s] -- Installing: /home/alexandre/PAIR_ROS2/install/turtlesim_msgs/include/turtlesim_msgs/turtlesim_msgs/srv/detail/kill__type_support.c
[19.661s] -- Installing: /home/alexandre/PAIR_ROS2/install/turtlesim_msgs/include/turtlesim_msgs/turtlesim_msgs/srv/detail/spawn__type_support.h
[19.661s] -- Installing: /home/alexandre/PAIR_ROS2/install/turtlesim_msgs/include/turtlesim_msgs/turtlesim_msgs/srv/detail/teleport_relative__functions.c
[19.661s] -- Installing: /home/alexandre/PAIR_ROS2/install/turtlesim_msgs/include/turtlesim_msgs/turtlesim_msgs/srv/detail/teleport_absolute__functions.c
[19.661s] -- Installing: /home/alexandre/PAIR_ROS2/install/turtlesim_msgs/include/turtlesim_msgs/turtlesim_msgs/srv/detail/set_pen__struct.h
[19.662s] -- Installing: /home/alexandre/PAIR_ROS2/install/turtlesim_msgs/include/turtlesim_msgs/turtlesim_msgs/srv/detail/spawn__struct.h
[19.662s] -- Installing: /home/alexandre/PAIR_ROS2/install/turtlesim_msgs/include/turtlesim_msgs/turtlesim_msgs/srv/detail/teleport_relative__type_support.h
[19.663s] -- Installing: /home/alexandre/PAIR_ROS2/install/turtlesim_msgs/include/turtlesim_msgs/turtlesim_msgs/srv/detail/kill__struct.h
[19.663s] -- Installing: /home/alexandre/PAIR_ROS2/install/turtlesim_msgs/include/turtlesim_msgs/turtlesim_msgs/srv/detail/teleport_relative__struct.h
[19.664s] -- Installing: /home/alexandre/PAIR_ROS2/install/turtlesim_msgs/include/turtlesim_msgs/turtlesim_msgs/srv/detail/teleport_relative__functions.h
[19.664s] -- Installing: /home/alexandre/PAIR_ROS2/install/turtlesim_msgs/include/turtlesim_msgs/turtlesim_msgs/srv/detail/set_pen__functions.h
[19.664s] -- Installing: /home/alexandre/PAIR_ROS2/install/turtlesim_msgs/include/turtlesim_msgs/turtlesim_msgs/srv/detail/teleport_relative__description.c
[19.664s] -- Installing: /home/alexandre/PAIR_ROS2/install/turtlesim_msgs/include/turtlesim_msgs/turtlesim_msgs/srv/detail/set_pen__description.c
[19.665s] -- Installing: /home/alexandre/PAIR_ROS2/install/turtlesim_msgs/include/turtlesim_msgs/turtlesim_msgs/srv/detail/set_pen__type_support.h
[19.665s] -- Installing: /home/alexandre/PAIR_ROS2/install/turtlesim_msgs/include/turtlesim_msgs/turtlesim_msgs/srv/detail/teleport_absolute__type_support.c
[19.665s] -- Installing: /home/alexandre/PAIR_ROS2/install/turtlesim_msgs/include/turtlesim_msgs/turtlesim_msgs/srv/detail/teleport_absolute__functions.h
[19.665s] -- Installing: /home/alexandre/PAIR_ROS2/install/turtlesim_msgs/include/turtlesim_msgs/turtlesim_msgs/srv/spawn.h
[19.666s] -- Installing: /home/alexandre/PAIR_ROS2/install/turtlesim_msgs/include/turtlesim_msgs/turtlesim_msgs/srv/kill.h
[19.666s] -- Installing: /home/alexandre/PAIR_ROS2/install/turtlesim_msgs/include/turtlesim_msgs/turtlesim_msgs/srv/teleport_absolute.h
[19.666s] -- Installing: /home/alexandre/PAIR_ROS2/install/turtlesim_msgs/include/turtlesim_msgs/turtlesim_msgs/srv/teleport_relative.h
[19.666s] -- Installing: /home/alexandre/PAIR_ROS2/install/turtlesim_msgs/include/turtlesim_msgs/turtlesim_msgs/srv/set_pen.h
[19.666s] -- Installing: /home/alexandre/PAIR_ROS2/install/turtlesim_msgs/share/turtlesim_msgs/environment/library_path.sh
[19.667s] -- Installing: /home/alexandre/PAIR_ROS2/install/turtlesim_msgs/share/turtlesim_msgs/environment/library_path.dsv
[19.667s] -- Installing: /home/alexandre/PAIR_ROS2/install/turtlesim_msgs/lib/libturtlesim_msgs__rosidl_generator_c.so
[19.669s] -- Set non-toolchain portion of runtime path of "/home/alexandre/PAIR_ROS2/install/turtlesim_msgs/lib/libturtlesim_msgs__rosidl_generator_c.so" to ""
[19.669s] -- Up-to-date: /home/alexandre/PAIR_ROS2/install/turtlesim_msgs/include/turtlesim_msgs/turtlesim_msgs
[19.669s] -- Up-to-date: /home/alexandre/PAIR_ROS2/install/turtlesim_msgs/include/turtlesim_msgs/turtlesim_msgs/action
[19.669s] -- Up-to-date: /home/alexandre/PAIR_ROS2/install/turtlesim_msgs/include/turtlesim_msgs/turtlesim_msgs/action/detail
[19.670s] -- Installing: /home/alexandre/PAIR_ROS2/install/turtlesim_msgs/include/turtlesim_msgs/turtlesim_msgs/action/detail/rotate_absolute__rosidl_typesupport_fastrtps_c.h
[19.670s] -- Up-to-date: /home/alexandre/PAIR_ROS2/install/turtlesim_msgs/include/turtlesim_msgs/turtlesim_msgs/msg
[19.670s] -- Up-to-date: /home/alexandre/PAIR_ROS2/install/turtlesim_msgs/include/turtlesim_msgs/turtlesim_msgs/msg/detail
[19.670s] -- Installing: /home/alexandre/PAIR_ROS2/install/turtlesim_msgs/include/turtlesim_msgs/turtlesim_msgs/msg/detail/pose__rosidl_typesupport_fastrtps_c.h
[19.671s] -- Installing: /home/alexandre/PAIR_ROS2/install/turtlesim_msgs/include/turtlesim_msgs/turtlesim_msgs/msg/detail/color__rosidl_typesupport_fastrtps_c.h
[19.671s] -- Installing: /home/alexandre/PAIR_ROS2/install/turtlesim_msgs/include/turtlesim_msgs/turtlesim_msgs/msg/rosidl_typesupport_fastrtps_c__visibility_control.h
[19.671s] -- Up-to-date: /home/alexandre/PAIR_ROS2/install/turtlesim_msgs/include/turtlesim_msgs/turtlesim_msgs/srv
[19.671s] -- Up-to-date: /home/alexandre/PAIR_ROS2/install/turtlesim_msgs/include/turtlesim_msgs/turtlesim_msgs/srv/detail
[19.672s] -- Installing: /home/alexandre/PAIR_ROS2/install/turtlesim_msgs/include/turtlesim_msgs/turtlesim_msgs/srv/detail/set_pen__rosidl_typesupport_fastrtps_c.h
[19.672s] -- Installing: /home/alexandre/PAIR_ROS2/install/turtlesim_msgs/include/turtlesim_msgs/turtlesim_msgs/srv/detail/kill__rosidl_typesupport_fastrtps_c.h
[19.672s] -- Installing: /home/alexandre/PAIR_ROS2/install/turtlesim_msgs/include/turtlesim_msgs/turtlesim_msgs/srv/detail/spawn__rosidl_typesupport_fastrtps_c.h
[19.673s] -- Installing: /home/alexandre/PAIR_ROS2/install/turtlesim_msgs/include/turtlesim_msgs/turtlesim_msgs/srv/detail/teleport_relative__rosidl_typesupport_fastrtps_c.h
[19.673s] -- Installing: /home/alexandre/PAIR_ROS2/install/turtlesim_msgs/include/turtlesim_msgs/turtlesim_msgs/srv/detail/teleport_absolute__rosidl_typesupport_fastrtps_c.h
[19.673s] -- Installing: /home/alexandre/PAIR_ROS2/install/turtlesim_msgs/lib/libturtlesim_msgs__rosidl_typesupport_fastrtps_c.so
[19.674s] -- Set non-toolchain portion of runtime path of "/home/alexandre/PAIR_ROS2/install/turtlesim_msgs/lib/libturtlesim_msgs__rosidl_typesupport_fastrtps_c.so" to ""
[19.674s] -- Up-to-date: /home/alexandre/PAIR_ROS2/install/turtlesim_msgs/include/turtlesim_msgs/turtlesim_msgs
[19.674s] -- Up-to-date: /home/alexandre/PAIR_ROS2/install/turtlesim_msgs/include/turtlesim_msgs/turtlesim_msgs/action
[19.674s] -- Up-to-date: /home/alexandre/PAIR_ROS2/install/turtlesim_msgs/include/turtlesim_msgs/turtlesim_msgs/action/detail
[19.675s] -- Installing: /home/alexandre/PAIR_ROS2/install/turtlesim_msgs/include/turtlesim_msgs/turtlesim_msgs/action/detail/rotate_absolute__type_support.hpp
[19.675s] -- Installing: /home/alexandre/PAIR_ROS2/install/turtlesim_msgs/include/turtlesim_msgs/turtlesim_msgs/action/detail/rotate_absolute__struct.hpp
[19.675s] -- Installing: /home/alexandre/PAIR_ROS2/install/turtlesim_msgs/include/turtlesim_msgs/turtlesim_msgs/action/detail/rotate_absolute__traits.hpp
[19.676s] -- Installing: /home/alexandre/PAIR_ROS2/install/turtlesim_msgs/include/turtlesim_msgs/turtlesim_msgs/action/detail/rotate_absolute__builder.hpp
[19.676s] -- Installing: /home/alexandre/PAIR_ROS2/install/turtlesim_msgs/include/turtlesim_msgs/turtlesim_msgs/action/rotate_absolute.hpp
[19.676s] -- Up-to-date: /home/alexandre/PAIR_ROS2/install/turtlesim_msgs/include/turtlesim_msgs/turtlesim_msgs/msg
[19.677s] -- Up-to-date: /home/alexandre/PAIR_ROS2/install/turtlesim_msgs/include/turtlesim_msgs/turtlesim_msgs/msg/detail
[19.677s] -- Installing: /home/alexandre/PAIR_ROS2/install/turtlesim_msgs/include/turtlesim_msgs/turtlesim_msgs/msg/detail/color__traits.hpp
[19.677s] -- Installing: /home/alexandre/PAIR_ROS2/install/turtlesim_msgs/include/turtlesim_msgs/turtlesim_msgs/msg/detail/color__type_support.hpp
[19.678s] -- Installing: /home/alexandre/PAIR_ROS2/install/turtlesim_msgs/include/turtlesim_msgs/turtlesim_msgs/msg/detail/color__struct.hpp
[19.678s] -- Installing: /home/alexandre/PAIR_ROS2/install/turtlesim_msgs/include/turtlesim_msgs/turtlesim_msgs/msg/detail/pose__traits.hpp
[19.679s] -- Installing: /home/alexandre/PAIR_ROS2/install/turtlesim_msgs/include/turtlesim_msgs/turtlesim_msgs/msg/detail/pose__builder.hpp
[19.679s] -- Installing: /home/alexandre/PAIR_ROS2/install/turtlesim_msgs/include/turtlesim_msgs/turtlesim_msgs/msg/detail/color__builder.hpp
[19.679s] -- Installing: /home/alexandre/PAIR_ROS2/install/turtlesim_msgs/include/turtlesim_msgs/turtlesim_msgs/msg/detail/pose__struct.hpp
[19.679s] -- Installing: /home/alexandre/PAIR_ROS2/install/turtlesim_msgs/include/turtlesim_msgs/turtlesim_msgs/msg/detail/pose__type_support.hpp
[19.680s] -- Installing: /home/alexandre/PAIR_ROS2/install/turtlesim_msgs/include/turtlesim_msgs/turtlesim_msgs/msg/color.hpp
[19.680s] -- Installing: /home/alexandre/PAIR_ROS2/install/turtlesim_msgs/include/turtlesim_msgs/turtlesim_msgs/msg/pose.hpp
[19.680s] -- Installing: /home/alexandre/PAIR_ROS2/install/turtlesim_msgs/include/turtlesim_msgs/turtlesim_msgs/msg/rosidl_generator_cpp__visibility_control.hpp
[19.680s] -- Up-to-date: /home/alexandre/PAIR_ROS2/install/turtlesim_msgs/include/turtlesim_msgs/turtlesim_msgs/srv
[19.681s] -- Up-to-date: /home/alexandre/PAIR_ROS2/install/turtlesim_msgs/include/turtlesim_msgs/turtlesim_msgs/srv/detail
[19.681s] -- Installing: /home/alexandre/PAIR_ROS2/install/turtlesim_msgs/include/turtlesim_msgs/turtlesim_msgs/srv/detail/spawn__type_support.hpp
[19.681s] -- Installing: /home/alexandre/PAIR_ROS2/install/turtlesim_msgs/include/turtlesim_msgs/turtlesim_msgs/srv/detail/teleport_absolute__struct.hpp
[19.681s] -- Installing: /home/alexandre/PAIR_ROS2/install/turtlesim_msgs/include/turtlesim_msgs/turtlesim_msgs/srv/detail/set_pen__struct.hpp
[19.682s] -- Installing: /home/alexandre/PAIR_ROS2/install/turtlesim_msgs/include/turtlesim_msgs/turtlesim_msgs/srv/detail/spawn__traits.hpp
[19.682s] -- Installing: /home/alexandre/PAIR_ROS2/install/turtlesim_msgs/include/turtlesim_msgs/turtlesim_msgs/srv/detail/kill__struct.hpp
[19.682s] -- Installing: /home/alexandre/PAIR_ROS2/install/turtlesim_msgs/include/turtlesim_msgs/turtlesim_msgs/srv/detail/teleport_absolute__type_support.hpp
[19.682s] -- Installing: /home/alexandre/PAIR_ROS2/install/turtlesim_msgs/include/turtlesim_msgs/turtlesim_msgs/srv/detail/kill__type_support.hpp
[19.683s] -- Installing: /home/alexandre/PAIR_ROS2/install/turtlesim_msgs/include/turtlesim_msgs/turtlesim_msgs/srv/detail/teleport_absolute__builder.hpp
[19.683s] -- Installing: /home/alexandre/PAIR_ROS2/install/turtlesim_msgs/include/turtlesim_msgs/turtlesim_msgs/srv/detail/teleport_relative__traits.hpp
[19.683s] -- Installing: /home/alexandre/PAIR_ROS2/install/turtlesim_msgs/include/turtlesim_msgs/turtlesim_msgs/srv/detail/teleport_absolute__traits.hpp
[19.683s] -- Installing: /home/alexandre/PAIR_ROS2/install/turtlesim_msgs/include/turtlesim_msgs/turtlesim_msgs/srv/detail/teleport_relative__struct.hpp
[19.684s] -- Installing: /home/alexandre/PAIR_ROS2/install/turtlesim_msgs/include/turtlesim_msgs/turtlesim_msgs/srv/detail/kill__builder.hpp
[19.684s] -- Installing: /home/alexandre/PAIR_ROS2/install/turtlesim_msgs/include/turtlesim_msgs/turtlesim_msgs/srv/detail/set_pen__type_support.hpp
[19.684s] -- Installing: /home/alexandre/PAIR_ROS2/install/turtlesim_msgs/include/turtlesim_msgs/turtlesim_msgs/srv/detail/teleport_relative__builder.hpp
[19.684s] -- Installing: /home/alexandre/PAIR_ROS2/install/turtlesim_msgs/include/turtlesim_msgs/turtlesim_msgs/srv/detail/set_pen__builder.hpp
[19.684s] -- Installing: /home/alexandre/PAIR_ROS2/install/turtlesim_msgs/include/turtlesim_msgs/turtlesim_msgs/srv/detail/spawn__builder.hpp
[19.685s] -- Installing: /home/alexandre/PAIR_ROS2/install/turtlesim_msgs/include/turtlesim_msgs/turtlesim_msgs/srv/detail/teleport_relative__type_support.hpp
[19.685s] -- Installing: /home/alexandre/PAIR_ROS2/install/turtlesim_msgs/include/turtlesim_msgs/turtlesim_msgs/srv/detail/spawn__struct.hpp
[19.685s] -- Installing: /home/alexandre/PAIR_ROS2/install/turtlesim_msgs/include/turtlesim_msgs/turtlesim_msgs/srv/detail/set_pen__traits.hpp
[19.685s] -- Installing: /home/alexandre/PAIR_ROS2/install/turtlesim_msgs/include/turtlesim_msgs/turtlesim_msgs/srv/detail/kill__traits.hpp
[19.686s] -- Installing: /home/alexandre/PAIR_ROS2/install/turtlesim_msgs/include/turtlesim_msgs/turtlesim_msgs/srv/kill.hpp
[19.686s] -- Installing: /home/alexandre/PAIR_ROS2/install/turtlesim_msgs/include/turtlesim_msgs/turtlesim_msgs/srv/spawn.hpp
[19.687s] -- Installing: /home/alexandre/PAIR_ROS2/install/turtlesim_msgs/include/turtlesim_msgs/turtlesim_msgs/srv/teleport_absolute.hpp
[19.687s] -- Installing: /home/alexandre/PAIR_ROS2/install/turtlesim_msgs/include/turtlesim_msgs/turtlesim_msgs/srv/set_pen.hpp
[19.687s] -- Installing: /home/alexandre/PAIR_ROS2/install/turtlesim_msgs/include/turtlesim_msgs/turtlesim_msgs/srv/teleport_relative.hpp
[19.687s] -- Up-to-date: /home/alexandre/PAIR_ROS2/install/turtlesim_msgs/include/turtlesim_msgs/turtlesim_msgs
[19.687s] -- Up-to-date: /home/alexandre/PAIR_ROS2/install/turtlesim_msgs/include/turtlesim_msgs/turtlesim_msgs/action
[19.688s] -- Up-to-date: /home/alexandre/PAIR_ROS2/install/turtlesim_msgs/include/turtlesim_msgs/turtlesim_msgs/action/detail
[19.688s] -- Installing: /home/alexandre/PAIR_ROS2/install/turtlesim_msgs/include/turtlesim_msgs/turtlesim_msgs/action/detail/rotate_absolute__rosidl_typesupport_fastrtps_cpp.hpp
[19.688s] -- Installing: /home/alexandre/PAIR_ROS2/install/turtlesim_msgs/include/turtlesim_msgs/turtlesim_msgs/action/detail/dds_fastrtps
[19.688s] -- Up-to-date: /home/alexandre/PAIR_ROS2/install/turtlesim_msgs/include/turtlesim_msgs/turtlesim_msgs/msg
[19.688s] -- Up-to-date: /home/alexandre/PAIR_ROS2/install/turtlesim_msgs/include/turtlesim_msgs/turtlesim_msgs/msg/detail
[19.688s] -- Installing: /home/alexandre/PAIR_ROS2/install/turtlesim_msgs/include/turtlesim_msgs/turtlesim_msgs/msg/detail/color__rosidl_typesupport_fastrtps_cpp.hpp
[19.688s] -- Installing: /home/alexandre/PAIR_ROS2/install/turtlesim_msgs/include/turtlesim_msgs/turtlesim_msgs/msg/detail/pose__rosidl_typesupport_fastrtps_cpp.hpp
[19.688s] -- Installing: /home/alexandre/PAIR_ROS2/install/turtlesim_msgs/include/turtlesim_msgs/turtlesim_msgs/msg/detail/dds_fastrtps
[19.688s] -- Installing: /home/alexandre/PAIR_ROS2/install/turtlesim_msgs/include/turtlesim_msgs/turtlesim_msgs/msg/rosidl_typesupport_fastrtps_cpp__visibility_control.h
[19.689s] -- Up-to-date: /home/alexandre/PAIR_ROS2/install/turtlesim_msgs/include/turtlesim_msgs/turtlesim_msgs/srv
[19.689s] -- Up-to-date: /home/alexandre/PAIR_ROS2/install/turtlesim_msgs/include/turtlesim_msgs/turtlesim_msgs/srv/detail
[19.689s] -- Installing: /home/alexandre/PAIR_ROS2/install/turtlesim_msgs/include/turtlesim_msgs/turtlesim_msgs/srv/detail/set_pen__rosidl_typesupport_fastrtps_cpp.hpp
[19.689s] -- Installing: /home/alexandre/PAIR_ROS2/install/turtlesim_msgs/include/turtlesim_msgs/turtlesim_msgs/srv/detail/spawn__rosidl_typesupport_fastrtps_cpp.hpp
[19.689s] -- Installing: /home/alexandre/PAIR_ROS2/install/turtlesim_msgs/include/turtlesim_msgs/turtlesim_msgs/srv/detail/teleport_absolute__rosidl_typesupport_fastrtps_cpp.hpp
[19.689s] -- Installing: /home/alexandre/PAIR_ROS2/install/turtlesim_msgs/include/turtlesim_msgs/turtlesim_msgs/srv/detail/kill__rosidl_typesupport_fastrtps_cpp.hpp
[19.689s] -- Installing: /home/alexandre/PAIR_ROS2/install/turtlesim_msgs/include/turtlesim_msgs/turtlesim_msgs/srv/detail/teleport_relative__rosidl_typesupport_fastrtps_cpp.hpp
[19.689s] -- Installing: /home/alexandre/PAIR_ROS2/install/turtlesim_msgs/include/turtlesim_msgs/turtlesim_msgs/srv/detail/dds_fastrtps
[19.689s] -- Installing: /home/alexandre/PAIR_ROS2/install/turtlesim_msgs/lib/libturtlesim_msgs__rosidl_typesupport_fastrtps_cpp.so
[19.690s] -- Set non-toolchain portion of runtime path of "/home/alexandre/PAIR_ROS2/install/turtlesim_msgs/lib/libturtlesim_msgs__rosidl_typesupport_fastrtps_cpp.so" to ""
[19.690s] -- Up-to-date: /home/alexandre/PAIR_ROS2/install/turtlesim_msgs/include/turtlesim_msgs/turtlesim_msgs
[19.690s] -- Up-to-date: /home/alexandre/PAIR_ROS2/install/turtlesim_msgs/include/turtlesim_msgs/turtlesim_msgs/action
[19.691s] -- Up-to-date: /home/alexandre/PAIR_ROS2/install/turtlesim_msgs/include/turtlesim_msgs/turtlesim_msgs/action/detail
[19.691s] -- Installing: /home/alexandre/PAIR_ROS2/install/turtlesim_msgs/include/turtlesim_msgs/turtlesim_msgs/action/detail/rotate_absolute__rosidl_typesupport_introspection_c.h
[19.691s] -- Installing: /home/alexandre/PAIR_ROS2/install/turtlesim_msgs/include/turtlesim_msgs/turtlesim_msgs/action/detail/rotate_absolute__type_support.c
[19.691s] -- Up-to-date: /home/alexandre/PAIR_ROS2/install/turtlesim_msgs/include/turtlesim_msgs/turtlesim_msgs/msg
[19.692s] -- Up-to-date: /home/alexandre/PAIR_ROS2/install/turtlesim_msgs/include/turtlesim_msgs/turtlesim_msgs/msg/detail
[19.692s] -- Installing: /home/alexandre/PAIR_ROS2/install/turtlesim_msgs/include/turtlesim_msgs/turtlesim_msgs/msg/detail/pose__rosidl_typesupport_introspection_c.h
[19.692s] -- Installing: /home/alexandre/PAIR_ROS2/install/turtlesim_msgs/include/turtlesim_msgs/turtlesim_msgs/msg/detail/color__type_support.c
[19.693s] -- Installing: /home/alexandre/PAIR_ROS2/install/turtlesim_msgs/include/turtlesim_msgs/turtlesim_msgs/msg/detail/pose__type_support.c
[19.693s] -- Installing: /home/alexandre/PAIR_ROS2/install/turtlesim_msgs/include/turtlesim_msgs/turtlesim_msgs/msg/detail/color__rosidl_typesupport_introspection_c.h
[19.693s] -- Installing: /home/alexandre/PAIR_ROS2/install/turtlesim_msgs/include/turtlesim_msgs/turtlesim_msgs/msg/rosidl_typesupport_introspection_c__visibility_control.h
[19.693s] -- Up-to-date: /home/alexandre/PAIR_ROS2/install/turtlesim_msgs/include/turtlesim_msgs/turtlesim_msgs/srv
[19.694s] -- Up-to-date: /home/alexandre/PAIR_ROS2/install/turtlesim_msgs/include/turtlesim_msgs/turtlesim_msgs/srv/detail
[19.694s] -- Installing: /home/alexandre/PAIR_ROS2/install/turtlesim_msgs/include/turtlesim_msgs/turtlesim_msgs/srv/detail/teleport_relative__type_support.c
[19.694s] -- Installing: /home/alexandre/PAIR_ROS2/install/turtlesim_msgs/include/turtlesim_msgs/turtlesim_msgs/srv/detail/teleport_relative__rosidl_typesupport_introspection_c.h
[19.695s] -- Installing: /home/alexandre/PAIR_ROS2/install/turtlesim_msgs/include/turtlesim_msgs/turtlesim_msgs/srv/detail/kill__rosidl_typesupport_introspection_c.h
[19.695s] -- Installing: /home/alexandre/PAIR_ROS2/install/turtlesim_msgs/include/turtlesim_msgs/turtlesim_msgs/srv/detail/spawn__type_support.c
[19.695s] -- Installing: /home/alexandre/PAIR_ROS2/install/turtlesim_msgs/include/turtlesim_msgs/turtlesim_msgs/srv/detail/set_pen__type_support.c
[19.696s] -- Installing: /home/alexandre/PAIR_ROS2/install/turtlesim_msgs/include/turtlesim_msgs/turtlesim_msgs/srv/detail/kill__type_support.c
[19.696s] -- Installing: /home/alexandre/PAIR_ROS2/install/turtlesim_msgs/include/turtlesim_msgs/turtlesim_msgs/srv/detail/teleport_absolute__rosidl_typesupport_introspection_c.h
[19.697s] -- Installing: /home/alexandre/PAIR_ROS2/install/turtlesim_msgs/include/turtlesim_msgs/turtlesim_msgs/srv/detail/set_pen__rosidl_typesupport_introspection_c.h
[19.697s] -- Installing: /home/alexandre/PAIR_ROS2/install/turtlesim_msgs/include/turtlesim_msgs/turtlesim_msgs/srv/detail/spawn__rosidl_typesupport_introspection_c.h
[19.697s] -- Installing: /home/alexandre/PAIR_ROS2/install/turtlesim_msgs/include/turtlesim_msgs/turtlesim_msgs/srv/detail/teleport_absolute__type_support.c
[19.698s] -- Installing: /home/alexandre/PAIR_ROS2/install/turtlesim_msgs/lib/libturtlesim_msgs__rosidl_typesupport_introspection_c.so
[19.698s] -- Set non-toolchain portion of runtime path of "/home/alexandre/PAIR_ROS2/install/turtlesim_msgs/lib/libturtlesim_msgs__rosidl_typesupport_introspection_c.so" to ""
[19.698s] -- Installing: /home/alexandre/PAIR_ROS2/install/turtlesim_msgs/lib/libturtlesim_msgs__rosidl_typesupport_c.so
[19.698s] -- Set non-toolchain portion of runtime path of "/home/alexandre/PAIR_ROS2/install/turtlesim_msgs/lib/libturtlesim_msgs__rosidl_typesupport_c.so" to ""
[19.698s] -- Up-to-date: /home/alexandre/PAIR_ROS2/install/turtlesim_msgs/include/turtlesim_msgs/turtlesim_msgs
[19.699s] -- Up-to-date: /home/alexandre/PAIR_ROS2/install/turtlesim_msgs/include/turtlesim_msgs/turtlesim_msgs/action
[19.699s] -- Up-to-date: /home/alexandre/PAIR_ROS2/install/turtlesim_msgs/include/turtlesim_msgs/turtlesim_msgs/action/detail
[19.699s] -- Installing: /home/alexandre/PAIR_ROS2/install/turtlesim_msgs/include/turtlesim_msgs/turtlesim_msgs/action/detail/rotate_absolute__type_support.cpp
[19.699s] -- Installing: /home/alexandre/PAIR_ROS2/install/turtlesim_msgs/include/turtlesim_msgs/turtlesim_msgs/action/detail/rotate_absolute__rosidl_typesupport_introspection_cpp.hpp
[19.700s] -- Up-to-date: /home/alexandre/PAIR_ROS2/install/turtlesim_msgs/include/turtlesim_msgs/turtlesim_msgs/msg
[19.700s] -- Up-to-date: /home/alexandre/PAIR_ROS2/install/turtlesim_msgs/include/turtlesim_msgs/turtlesim_msgs/msg/detail
[19.700s] -- Installing: /home/alexandre/PAIR_ROS2/install/turtlesim_msgs/include/turtlesim_msgs/turtlesim_msgs/msg/detail/color__rosidl_typesupport_introspection_cpp.hpp
[19.701s] -- Installing: /home/alexandre/PAIR_ROS2/install/turtlesim_msgs/include/turtlesim_msgs/turtlesim_msgs/msg/detail/pose__type_support.cpp
[19.701s] -- Installing: /home/alexandre/PAIR_ROS2/install/turtlesim_msgs/include/turtlesim_msgs/turtlesim_msgs/msg/detail/pose__rosidl_typesupport_introspection_cpp.hpp
[19.701s] -- Installing: /home/alexandre/PAIR_ROS2/install/turtlesim_msgs/include/turtlesim_msgs/turtlesim_msgs/msg/detail/color__type_support.cpp
[19.701s] -- Up-to-date: /home/alexandre/PAIR_ROS2/install/turtlesim_msgs/include/turtlesim_msgs/turtlesim_msgs/srv
[19.702s] -- Up-to-date: /home/alexandre/PAIR_ROS2/install/turtlesim_msgs/include/turtlesim_msgs/turtlesim_msgs/srv/detail
[19.702s] -- Installing: /home/alexandre/PAIR_ROS2/install/turtlesim_msgs/include/turtlesim_msgs/turtlesim_msgs/srv/detail/teleport_absolute__type_support.cpp
[19.702s] -- Installing: /home/alexandre/PAIR_ROS2/install/turtlesim_msgs/include/turtlesim_msgs/turtlesim_msgs/srv/detail/spawn__type_support.cpp
[19.702s] -- Installing: /home/alexandre/PAIR_ROS2/install/turtlesim_msgs/include/turtlesim_msgs/turtlesim_msgs/srv/detail/teleport_relative__rosidl_typesupport_introspection_cpp.hpp
[19.703s] -- Installing: /home/alexandre/PAIR_ROS2/install/turtlesim_msgs/include/turtlesim_msgs/turtlesim_msgs/srv/detail/set_pen__type_support.cpp
[19.703s] -- Installing: /home/alexandre/PAIR_ROS2/install/turtlesim_msgs/include/turtlesim_msgs/turtlesim_msgs/srv/detail/kill__rosidl_typesupport_introspection_cpp.hpp
[19.703s] -- Installing: /home/alexandre/PAIR_ROS2/install/turtlesim_msgs/include/turtlesim_msgs/turtlesim_msgs/srv/detail/kill__type_support.cpp
[19.703s] -- Installing: /home/alexandre/PAIR_ROS2/install/turtlesim_msgs/include/turtlesim_msgs/turtlesim_msgs/srv/detail/teleport_absolute__rosidl_typesupport_introspection_cpp.hpp
[19.703s] -- Installing: /home/alexandre/PAIR_ROS2/install/turtlesim_msgs/include/turtlesim_msgs/turtlesim_msgs/srv/detail/spawn__rosidl_typesupport_introspection_cpp.hpp
[19.704s] -- Installing: /home/alexandre/PAIR_ROS2/install/turtlesim_msgs/include/turtlesim_msgs/turtlesim_msgs/srv/detail/set_pen__rosidl_typesupport_introspection_cpp.hpp
[19.704s] -- Installing: /home/alexandre/PAIR_ROS2/install/turtlesim_msgs/include/turtlesim_msgs/turtlesim_msgs/srv/detail/teleport_relative__type_support.cpp
[19.704s] -- Installing: /home/alexandre/PAIR_ROS2/install/turtlesim_msgs/lib/libturtlesim_msgs__rosidl_typesupport_introspection_cpp.so
[19.704s] -- Set non-toolchain portion of runtime path of "/home/alexandre/PAIR_ROS2/install/turtlesim_msgs/lib/libturtlesim_msgs__rosidl_typesupport_introspection_cpp.so" to ""
[19.704s] -- Installing: /home/alexandre/PAIR_ROS2/install/turtlesim_msgs/lib/libturtlesim_msgs__rosidl_typesupport_cpp.so
[19.705s] -- Set non-toolchain portion of runtime path of "/home/alexandre/PAIR_ROS2/install/turtlesim_msgs/lib/libturtlesim_msgs__rosidl_typesupport_cpp.so" to ""
[19.706s] -- Installing: /home/alexandre/PAIR_ROS2/install/turtlesim_msgs/share/turtlesim_msgs/environment/pythonpath.sh
[19.706s] -- Installing: /home/alexandre/PAIR_ROS2/install/turtlesim_msgs/share/turtlesim_msgs/environment/pythonpath.dsv
[19.706s] -- Installing: /home/alexandre/PAIR_ROS2/install/turtlesim_msgs/lib/python3.12/site-packages/turtlesim_msgs-1.9.4-py3.12.egg-info
[19.707s] -- Installing: /home/alexandre/PAIR_ROS2/install/turtlesim_msgs/lib/python3.12/site-packages/turtlesim_msgs-1.9.4-py3.12.egg-info/top_level.txt
[19.707s] -- Installing: /home/alexandre/PAIR_ROS2/install/turtlesim_msgs/lib/python3.12/site-packages/turtlesim_msgs-1.9.4-py3.12.egg-info/SOURCES.txt
[19.707s] -- Installing: /home/alexandre/PAIR_ROS2/install/turtlesim_msgs/lib/python3.12/site-packages/turtlesim_msgs-1.9.4-py3.12.egg-info/dependency_links.txt
[19.707s] -- Installing: /home/alexandre/PAIR_ROS2/install/turtlesim_msgs/lib/python3.12/site-packages/turtlesim_msgs-1.9.4-py3.12.egg-info/PKG-INFO
[19.708s] -- Installing: /home/alexandre/PAIR_ROS2/install/turtlesim_msgs/lib/python3.12/site-packages/turtlesim_msgs
[19.708s] -- Installing: /home/alexandre/PAIR_ROS2/install/turtlesim_msgs/lib/python3.12/site-packages/turtlesim_msgs/_turtlesim_msgs_s.ep.rosidl_typesupport_fastrtps_c.c
[19.708s] -- Installing: /home/alexandre/PAIR_ROS2/install/turtlesim_msgs/lib/python3.12/site-packages/turtlesim_msgs/turtlesim_msgs_s__rosidl_typesupport_fastrtps_c.so
[19.709s] -- Installing: /home/alexandre/PAIR_ROS2/install/turtlesim_msgs/lib/python3.12/site-packages/turtlesim_msgs/_turtlesim_msgs_s.ep.rosidl_typesupport_c.c
[19.709s] -- Installing: /home/alexandre/PAIR_ROS2/install/turtlesim_msgs/lib/python3.12/site-packages/turtlesim_msgs/__init__.py
[19.709s] -- Installing: /home/alexandre/PAIR_ROS2/install/turtlesim_msgs/lib/python3.12/site-packages/turtlesim_msgs/action
[19.710s] -- Installing: /home/alexandre/PAIR_ROS2/install/turtlesim_msgs/lib/python3.12/site-packages/turtlesim_msgs/action/_rotate_absolute.py
[19.710s] -- Installing: /home/alexandre/PAIR_ROS2/install/turtlesim_msgs/lib/python3.12/site-packages/turtlesim_msgs/action/_rotate_absolute_s.c
[19.710s] -- Installing: /home/alexandre/PAIR_ROS2/install/turtlesim_msgs/lib/python3.12/site-packages/turtlesim_msgs/action/__init__.py
[19.710s] -- Installing: /home/alexandre/PAIR_ROS2/install/turtlesim_msgs/lib/python3.12/site-packages/turtlesim_msgs/turtlesim_msgs_s__rosidl_typesupport_introspection_c.so
[19.711s] -- Installing: /home/alexandre/PAIR_ROS2/install/turtlesim_msgs/lib/python3.12/site-packages/turtlesim_msgs/turtlesim_msgs_s__rosidl_typesupport_c.so
[19.711s] -- Installing: /home/alexandre/PAIR_ROS2/install/turtlesim_msgs/lib/python3.12/site-packages/turtlesim_msgs/_turtlesim_msgs_s.ep.rosidl_typesupport_introspection_c.c
[19.711s] -- Installing: /home/alexandre/PAIR_ROS2/install/turtlesim_msgs/lib/python3.12/site-packages/turtlesim_msgs/msg
[19.711s] -- Installing: /home/alexandre/PAIR_ROS2/install/turtlesim_msgs/lib/python3.12/site-packages/turtlesim_msgs/msg/_color.py
[19.712s] -- Installing: /home/alexandre/PAIR_ROS2/install/turtlesim_msgs/lib/python3.12/site-packages/turtlesim_msgs/msg/_color_s.c
[19.712s] -- Installing: /home/alexandre/PAIR_ROS2/install/turtlesim_msgs/lib/python3.12/site-packages/turtlesim_msgs/msg/__init__.py
[19.712s] -- Installing: /home/alexandre/PAIR_ROS2/install/turtlesim_msgs/lib/python3.12/site-packages/turtlesim_msgs/msg/_pose_s.c
[19.712s] -- Installing: /home/alexandre/PAIR_ROS2/install/turtlesim_msgs/lib/python3.12/site-packages/turtlesim_msgs/msg/_pose.py
[19.712s] -- Installing: /home/alexandre/PAIR_ROS2/install/turtlesim_msgs/lib/python3.12/site-packages/turtlesim_msgs/srv
[19.713s] -- Installing: /home/alexandre/PAIR_ROS2/install/turtlesim_msgs/lib/python3.12/site-packages/turtlesim_msgs/srv/_teleport_relative.py
[19.713s] -- Installing: /home/alexandre/PAIR_ROS2/install/turtlesim_msgs/lib/python3.12/site-packages/turtlesim_msgs/srv/__init__.py
[19.713s] -- Installing: /home/alexandre/PAIR_ROS2/install/turtlesim_msgs/lib/python3.12/site-packages/turtlesim_msgs/srv/_spawn_s.c
[19.714s] -- Installing: /home/alexandre/PAIR_ROS2/install/turtlesim_msgs/lib/python3.12/site-packages/turtlesim_msgs/srv/_teleport_absolute.py
[19.714s] -- Installing: /home/alexandre/PAIR_ROS2/install/turtlesim_msgs/lib/python3.12/site-packages/turtlesim_msgs/srv/_kill.py
[19.714s] -- Installing: /home/alexandre/PAIR_ROS2/install/turtlesim_msgs/lib/python3.12/site-packages/turtlesim_msgs/srv/_teleport_absolute_s.c
[19.714s] -- Installing: /home/alexandre/PAIR_ROS2/install/turtlesim_msgs/lib/python3.12/site-packages/turtlesim_msgs/srv/_spawn.py
[19.714s] -- Installing: /home/alexandre/PAIR_ROS2/install/turtlesim_msgs/lib/python3.12/site-packages/turtlesim_msgs/srv/_set_pen_s.c
[19.715s] -- Installing: /home/alexandre/PAIR_ROS2/install/turtlesim_msgs/lib/python3.12/site-packages/turtlesim_msgs/srv/_kill_s.c
[19.715s] -- Installing: /home/alexandre/PAIR_ROS2/install/turtlesim_msgs/lib/python3.12/site-packages/turtlesim_msgs/srv/_set_pen.py
[19.715s] -- Installing: /home/alexandre/PAIR_ROS2/install/turtlesim_msgs/lib/python3.12/site-packages/turtlesim_msgs/srv/_teleport_relative_s.c
[19.796s] Listing '/home/alexandre/PAIR_ROS2/install/turtlesim_msgs/lib/python3.12/site-packages/turtlesim_msgs'...
[19.796s] Compiling '/home/alexandre/PAIR_ROS2/install/turtlesim_msgs/lib/python3.12/site-packages/turtlesim_msgs/__init__.py'...
[19.796s] Listing '/home/alexandre/PAIR_ROS2/install/turtlesim_msgs/lib/python3.12/site-packages/turtlesim_msgs/action'...
[19.797s] Compiling '/home/alexandre/PAIR_ROS2/install/turtlesim_msgs/lib/python3.12/site-packages/turtlesim_msgs/action/__init__.py'...
[19.797s] Compiling '/home/alexandre/PAIR_ROS2/install/turtlesim_msgs/lib/python3.12/site-packages/turtlesim_msgs/action/_rotate_absolute.py'...
[19.797s] Listing '/home/alexandre/PAIR_ROS2/install/turtlesim_msgs/lib/python3.12/site-packages/turtlesim_msgs/msg'...
[19.797s] Compiling '/home/alexandre/PAIR_ROS2/install/turtlesim_msgs/lib/python3.12/site-packages/turtlesim_msgs/msg/__init__.py'...
[19.797s] Compiling '/home/alexandre/PAIR_ROS2/install/turtlesim_msgs/lib/python3.12/site-packages/turtlesim_msgs/msg/_color.py'...
[19.797s] Compiling '/home/alexandre/PAIR_ROS2/install/turtlesim_msgs/lib/python3.12/site-packages/turtlesim_msgs/msg/_pose.py'...
[19.797s] Listing '/home/alexandre/PAIR_ROS2/install/turtlesim_msgs/lib/python3.12/site-packages/turtlesim_msgs/srv'...
[19.797s] Compiling '/home/alexandre/PAIR_ROS2/install/turtlesim_msgs/lib/python3.12/site-packages/turtlesim_msgs/srv/__init__.py'...
[19.797s] Compiling '/home/alexandre/PAIR_ROS2/install/turtlesim_msgs/lib/python3.12/site-packages/turtlesim_msgs/srv/_kill.py'...
[19.797s] Compiling '/home/alexandre/PAIR_ROS2/install/turtlesim_msgs/lib/python3.12/site-packages/turtlesim_msgs/srv/_set_pen.py'...
[19.797s] Compiling '/home/alexandre/PAIR_ROS2/install/turtlesim_msgs/lib/python3.12/site-packages/turtlesim_msgs/srv/_spawn.py'...
[19.797s] Compiling '/home/alexandre/PAIR_ROS2/install/turtlesim_msgs/lib/python3.12/site-packages/turtlesim_msgs/srv/_teleport_absolute.py'...
[19.797s] Compiling '/home/alexandre/PAIR_ROS2/install/turtlesim_msgs/lib/python3.12/site-packages/turtlesim_msgs/srv/_teleport_relative.py'...
[19.804s] -- Installing: /home/alexandre/PAIR_ROS2/install/turtlesim_msgs/lib/python3.12/site-packages/turtlesim_msgs/turtlesim_msgs_s__rosidl_typesupport_fastrtps_c.so
[19.805s] -- Set non-toolchain portion of runtime path of "/home/alexandre/PAIR_ROS2/install/turtlesim_msgs/lib/python3.12/site-packages/turtlesim_msgs/turtlesim_msgs_s__rosidl_typesupport_fastrtps_c.so" to ""
[19.805s] -- Installing: /home/alexandre/PAIR_ROS2/install/turtlesim_msgs/lib/python3.12/site-packages/turtlesim_msgs/turtlesim_msgs_s__rosidl_typesupport_introspection_c.so
[19.805s] -- Set non-toolchain portion of runtime path of "/home/alexandre/PAIR_ROS2/install/turtlesim_msgs/lib/python3.12/site-packages/turtlesim_msgs/turtlesim_msgs_s__rosidl_typesupport_introspection_c.so" to ""
[19.806s] -- Installing: /home/alexandre/PAIR_ROS2/install/turtlesim_msgs/lib/python3.12/site-packages/turtlesim_msgs/turtlesim_msgs_s__rosidl_typesupport_c.so
[19.806s] -- Set non-toolchain portion of runtime path of "/home/alexandre/PAIR_ROS2/install/turtlesim_msgs/lib/python3.12/site-packages/turtlesim_msgs/turtlesim_msgs_s__rosidl_typesupport_c.so" to ""
[19.807s] -- Installing: /home/alexandre/PAIR_ROS2/install/turtlesim_msgs/lib/libturtlesim_msgs__rosidl_generator_py.so
[19.808s] -- Set non-toolchain portion of runtime path of "/home/alexandre/PAIR_ROS2/install/turtlesim_msgs/lib/libturtlesim_msgs__rosidl_generator_py.so" to ""
[19.808s] -- Installing: /home/alexandre/PAIR_ROS2/install/turtlesim_msgs/share/ament_index/resource_index/rust_packages/turtlesim_msgs
[19.808s] -- Installing: /home/alexandre/PAIR_ROS2/install/turtlesim_msgs/share/turtlesim_msgs/rust
[19.809s] -- Installing: /home/alexandre/PAIR_ROS2/install/turtlesim_msgs/share/turtlesim_msgs/rust/Cargo.toml
[19.809s] -- Installing: /home/alexandre/PAIR_ROS2/install/turtlesim_msgs/share/turtlesim_msgs/rust/src
[19.809s] -- Installing: /home/alexandre/PAIR_ROS2/install/turtlesim_msgs/share/turtlesim_msgs/rust/src/lib.rs
[19.809s] -- Installing: /home/alexandre/PAIR_ROS2/install/turtlesim_msgs/share/turtlesim_msgs/rust/src/srv.rs
[19.810s] -- Installing: /home/alexandre/PAIR_ROS2/install/turtlesim_msgs/share/turtlesim_msgs/rust/src/msg.rs
[19.810s] -- Installing: /home/alexandre/PAIR_ROS2/install/turtlesim_msgs/share/turtlesim_msgs/rust/src/action
[19.810s] -- Installing: /home/alexandre/PAIR_ROS2/install/turtlesim_msgs/share/turtlesim_msgs/rust/src/action/rmw.rs
[19.810s] -- Installing: /home/alexandre/PAIR_ROS2/install/turtlesim_msgs/share/turtlesim_msgs/rust/src/action.rs
[19.810s] -- Installing: /home/alexandre/PAIR_ROS2/install/turtlesim_msgs/share/turtlesim_msgs/rust/src/msg
[19.811s] -- Installing: /home/alexandre/PAIR_ROS2/install/turtlesim_msgs/share/turtlesim_msgs/rust/src/msg/rmw.rs
[19.811s] -- Installing: /home/alexandre/PAIR_ROS2/install/turtlesim_msgs/share/turtlesim_msgs/rust/src/srv
[19.811s] -- Installing: /home/alexandre/PAIR_ROS2/install/turtlesim_msgs/share/turtlesim_msgs/rust/src/srv/rmw.rs
[19.812s] -- Installing: /home/alexandre/PAIR_ROS2/install/turtlesim_msgs/share/turtlesim_msgs/rust/build.rs
[19.812s] -- Installing: /home/alexandre/PAIR_ROS2/install/turtlesim_msgs/share/turtlesim_msgs/action/RotateAbsolute.idl
[19.812s] -- Installing: /home/alexandre/PAIR_ROS2/install/turtlesim_msgs/share/turtlesim_msgs/msg/Color.idl
[19.812s] -- Installing: /home/alexandre/PAIR_ROS2/install/turtlesim_msgs/share/turtlesim_msgs/msg/Pose.idl
[19.813s] -- Installing: /home/alexandre/PAIR_ROS2/install/turtlesim_msgs/share/turtlesim_msgs/srv/Kill.idl
[19.813s] -- Installing: /home/alexandre/PAIR_ROS2/install/turtlesim_msgs/share/turtlesim_msgs/srv/SetPen.idl
[19.813s] -- Installing: /home/alexandre/PAIR_ROS2/install/turtlesim_msgs/share/turtlesim_msgs/srv/Spawn.idl
[19.813s] -- Installing: /home/alexandre/PAIR_ROS2/install/turtlesim_msgs/share/turtlesim_msgs/srv/TeleportAbsolute.idl
[19.813s] -- Installing: /home/alexandre/PAIR_ROS2/install/turtlesim_msgs/share/turtlesim_msgs/srv/TeleportRelative.idl
[19.814s] -- Installing: /home/alexandre/PAIR_ROS2/install/turtlesim_msgs/share/turtlesim_msgs/action/RotateAbsolute.action
[19.814s] -- Installing: /home/alexandre/PAIR_ROS2/install/turtlesim_msgs/share/turtlesim_msgs/msg/Color.msg
[19.814s] -- Installing: /home/alexandre/PAIR_ROS2/install/turtlesim_msgs/share/turtlesim_msgs/msg/Pose.msg
[19.814s] -- Installing: /home/alexandre/PAIR_ROS2/install/turtlesim_msgs/share/turtlesim_msgs/srv/Kill.srv
[19.815s] -- Installing: /home/alexandre/PAIR_ROS2/install/turtlesim_msgs/share/turtlesim_msgs/srv/SetPen.srv
[19.815s] -- Installing: /home/alexandre/PAIR_ROS2/install/turtlesim_msgs/share/turtlesim_msgs/srv/Spawn.srv
[19.815s] -- Installing: /home/alexandre/PAIR_ROS2/install/turtlesim_msgs/share/turtlesim_msgs/srv/TeleportAbsolute.srv
[19.815s] -- Installing: /home/alexandre/PAIR_ROS2/install/turtlesim_msgs/share/turtlesim_msgs/srv/TeleportRelative.srv
[19.816s] -- Installing: /home/alexandre/PAIR_ROS2/install/turtlesim_msgs/share/ament_index/resource_index/package_run_dependencies/turtlesim_msgs
[19.816s] -- Installing: /home/alexandre/PAIR_ROS2/install/turtlesim_msgs/share/ament_index/resource_index/parent_prefix_path/turtlesim_msgs
[19.817s] -- Installing: /home/alexandre/PAIR_ROS2/install/turtlesim_msgs/share/turtlesim_msgs/environment/ament_prefix_path.sh
[19.817s] -- Installing: /home/alexandre/PAIR_ROS2/install/turtlesim_msgs/share/turtlesim_msgs/environment/ament_prefix_path.dsv
[19.817s] -- Installing: /home/alexandre/PAIR_ROS2/install/turtlesim_msgs/share/turtlesim_msgs/environment/path.sh
[19.817s] -- Installing: /home/alexandre/PAIR_ROS2/install/turtlesim_msgs/share/turtlesim_msgs/environment/path.dsv
[19.818s] -- Installing: /home/alexandre/PAIR_ROS2/install/turtlesim_msgs/share/turtlesim_msgs/local_setup.bash
[19.818s] -- Installing: /home/alexandre/PAIR_ROS2/install/turtlesim_msgs/share/turtlesim_msgs/local_setup.sh
[19.818s] -- Installing: /home/alexandre/PAIR_ROS2/install/turtlesim_msgs/share/turtlesim_msgs/local_setup.zsh
[19.818s] -- Installing: /home/alexandre/PAIR_ROS2/install/turtlesim_msgs/share/turtlesim_msgs/local_setup.dsv
[19.819s] -- Installing: /home/alexandre/PAIR_ROS2/install/turtlesim_msgs/share/turtlesim_msgs/package.dsv
[19.819s] -- Installing: /home/alexandre/PAIR_ROS2/install/turtlesim_msgs/share/ament_index/resource_index/packages/turtlesim_msgs
[19.820s] -- Installing: /home/alexandre/PAIR_ROS2/install/turtlesim_msgs/share/turtlesim_msgs/cmake/export_turtlesim_msgs__rosidl_generator_cExport.cmake
[19.820s] -- Installing: /home/alexandre/PAIR_ROS2/install/turtlesim_msgs/share/turtlesim_msgs/cmake/export_turtlesim_msgs__rosidl_generator_cExport-noconfig.cmake
[19.820s] -- Installing: /home/alexandre/PAIR_ROS2/install/turtlesim_msgs/share/turtlesim_msgs/cmake/export_turtlesim_msgs__rosidl_typesupport_fastrtps_cExport.cmake
[19.821s] -- Installing: /home/alexandre/PAIR_ROS2/install/turtlesim_msgs/share/turtlesim_msgs/cmake/export_turtlesim_msgs__rosidl_typesupport_fastrtps_cExport-noconfig.cmake
[19.821s] -- Installing: /home/alexandre/PAIR_ROS2/install/turtlesim_msgs/share/turtlesim_msgs/cmake/export_turtlesim_msgs__rosidl_generator_cppExport.cmake
[19.821s] -- Installing: /home/alexandre/PAIR_ROS2/install/turtlesim_msgs/share/turtlesim_msgs/cmake/export_turtlesim_msgs__rosidl_typesupport_fastrtps_cppExport.cmake
[19.821s] -- Installing: /home/alexandre/PAIR_ROS2/install/turtlesim_msgs/share/turtlesim_msgs/cmake/export_turtlesim_msgs__rosidl_typesupport_fastrtps_cppExport-noconfig.cmake
[19.821s] -- Installing: /home/alexandre/PAIR_ROS2/install/turtlesim_msgs/share/turtlesim_msgs/cmake/turtlesim_msgs__rosidl_typesupport_introspection_cExport.cmake
[19.822s] -- Installing: /home/alexandre/PAIR_ROS2/install/turtlesim_msgs/share/turtlesim_msgs/cmake/turtlesim_msgs__rosidl_typesupport_introspection_cExport-noconfig.cmake
[19.822s] -- Installing: /home/alexandre/PAIR_ROS2/install/turtlesim_msgs/share/turtlesim_msgs/cmake/turtlesim_msgs__rosidl_typesupport_cExport.cmake
[19.822s] -- Installing: /home/alexandre/PAIR_ROS2/install/turtlesim_msgs/share/turtlesim_msgs/cmake/turtlesim_msgs__rosidl_typesupport_cExport-noconfig.cmake
[19.823s] -- Installing: /home/alexandre/PAIR_ROS2/install/turtlesim_msgs/share/turtlesim_msgs/cmake/turtlesim_msgs__rosidl_typesupport_introspection_cppExport.cmake
[19.823s] -- Installing: /home/alexandre/PAIR_ROS2/install/turtlesim_msgs/share/turtlesim_msgs/cmake/turtlesim_msgs__rosidl_typesupport_introspection_cppExport-noconfig.cmake
[19.823s] -- Installing: /home/alexandre/PAIR_ROS2/install/turtlesim_msgs/share/turtlesim_msgs/cmake/turtlesim_msgs__rosidl_typesupport_cppExport.cmake
[19.823s] -- Installing: /home/alexandre/PAIR_ROS2/install/turtlesim_msgs/share/turtlesim_msgs/cmake/turtlesim_msgs__rosidl_typesupport_cppExport-noconfig.cmake
[19.824s] -- Installing: /home/alexandre/PAIR_ROS2/install/turtlesim_msgs/share/turtlesim_msgs/cmake/export_turtlesim_msgs__rosidl_generator_pyExport.cmake
[19.824s] -- Installing: /home/alexandre/PAIR_ROS2/install/turtlesim_msgs/share/turtlesim_msgs/cmake/export_turtlesim_msgs__rosidl_generator_pyExport-noconfig.cmake
[19.824s] -- Installing: /home/alexandre/PAIR_ROS2/install/turtlesim_msgs/share/turtlesim_msgs/cmake/rosidl_cmake-extras.cmake
[19.824s] -- Installing: /home/alexandre/PAIR_ROS2/install/turtlesim_msgs/share/turtlesim_msgs/cmake/ament_cmake_export_dependencies-extras.cmake
[19.825s] -- Installing: /home/alexandre/PAIR_ROS2/install/turtlesim_msgs/share/turtlesim_msgs/cmake/ament_cmake_export_include_directories-extras.cmake
[19.825s] -- Installing: /home/alexandre/PAIR_ROS2/install/turtlesim_msgs/share/turtlesim_msgs/cmake/ament_cmake_export_libraries-extras.cmake
[19.825s] -- Installing: /home/alexandre/PAIR_ROS2/install/turtlesim_msgs/share/turtlesim_msgs/cmake/ament_cmake_export_targets-extras.cmake
[19.825s] -- Installing: /home/alexandre/PAIR_ROS2/install/turtlesim_msgs/share/turtlesim_msgs/cmake/rosidl_cmake_export_typesupport_targets-extras.cmake
[19.826s] -- Installing: /home/alexandre/PAIR_ROS2/install/turtlesim_msgs/share/turtlesim_msgs/cmake/rosidl_cmake_export_typesupport_libraries-extras.cmake
[19.826s] -- Installing: /home/alexandre/PAIR_ROS2/install/turtlesim_msgs/share/turtlesim_msgs/cmake/turtlesim_msgsConfig.cmake
[19.826s] -- Installing: /home/alexandre/PAIR_ROS2/install/turtlesim_msgs/share/turtlesim_msgs/cmake/turtlesim_msgsConfig-version.cmake
[19.826s] -- Installing: /home/alexandre/PAIR_ROS2/install/turtlesim_msgs/share/turtlesim_msgs/package.xml
[19.829s] Invoked command in '/home/alexandre/PAIR_ROS2/build/turtlesim_msgs' returned '0': CMAKE_PREFIX_PATH=${CMAKE_PREFIX_PATH}:/opt/ros/kilted /usr/bin/cmake --install /home/alexandre/PAIR_ROS2/build/turtlesim_msgs
