[0.132s] Invoking command in '/home/alexandre/PAIR_ROS2/build/turtlesim': AMENT_PREFIX_PATH=/home/alexandre/PAIR_ROS2/install/turtlesim_msgs:${AMENT_PREFIX_PATH} CMAKE_PREFIX_PATH=/home/alexandre/PAIR_ROS2/install/turtlesim_msgs:/opt/ros/kilted/opt/sdformat_vendor:/opt/ros/kilted/opt/gz_math_vendor:/opt/ros/kilted/opt/gz_utils_vendor:/opt/ros/kilted/opt/gz_tools_vendor:/opt/ros/kilted/opt/gz_cmake_vendor:/opt/ros/kilted LD_LIBRARY_PATH=/home/alexandre/PAIR_ROS2/install/turtlesim_msgs/lib:${LD_LIBRARY_PATH} PYTHONPATH=/home/alexandre/PAIR_ROS2/install/turtlesim_msgs/lib/python3.12/site-packages:${PYTHONPATH} /usr/bin/cmake /home/alexandre/PAIR_ROS2/src/ros_tutorials/turtlesim -DCMAKE_INSTALL_PREFIX=/home/alexandre/PAIR_ROS2/install/turtlesim
[0.300s] -- The C compiler identification is GNU 13.3.0
[0.825s] -- The CXX compiler identification is GNU 13.3.0
[1.280s] -- Detecting C compiler ABI info
[1.514s] -- Detecting C compiler ABI info - done
[1.523s] -- Check for working C compiler: /usr/bin/cc - skipped
[1.523s] -- Detecting C compile features
[1.524s] -- Detecting C compile features - done
[1.601s] -- Detecting CXX compiler ABI info
[1.845s] -- Detecting CXX compiler ABI info - done
[1.856s] -- Check for working CXX compiler: /usr/bin/c++ - skipped
[1.857s] -- Detecting CXX compile features
[1.857s] -- Detecting CXX compile features - done
[1.861s] -- Found ament_cmake: 2.7.5 (/opt/ros/kilted/share/ament_cmake/cmake)
[2.035s] -- Found Python3: /usr/bin/python3 (found version "3.12.3") found components: Interpreter 
[2.177s] -- Found ament_index_cpp: 1.11.3 (/opt/ros/kilted/share/ament_index_cpp/cmake)
[2.185s] -- Found geometry_msgs: 5.5.2 (/opt/ros/kilted/share/geometry_msgs/cmake)
[2.224s] -- Found rosidl_generator_c: 4.9.6 (/opt/ros/kilted/share/rosidl_generator_c/cmake)
[2.239s] -- Found rosidl_generator_cpp: 4.9.6 (/opt/ros/kilted/share/rosidl_generator_cpp/cmake)
[2.256s] -- Using all available rosidl_typesupport_c: rosidl_typesupport_fastrtps_c;rosidl_typesupport_introspection_c
[2.276s] -- Using all available rosidl_typesupport_cpp: rosidl_typesupport_fastrtps_cpp;rosidl_typesupport_introspection_cpp
[2.557s] -- Found rclcpp: 29.5.7 (/opt/ros/kilted/share/rclcpp/cmake)
[2.664s] -- Found rmw_implementation_cmake: 7.8.2 (/opt/ros/kilted/share/rmw_implementation_cmake/cmake)
[2.670s] -- Found rmw_fastrtps_cpp: 9.3.3 (/opt/ros/kilted/share/rmw_fastrtps_cpp/cmake)
[2.834s] -- Found OpenSSL: /usr/lib/x86_64-linux-gnu/libcrypto.so (found version "3.0.13")  
[2.852s] -- Using RMW implementation 'rmw_fastrtps_cpp' as default
[3.084s] -- Found rclcpp_action: 29.5.7 (/opt/ros/kilted/share/rclcpp_action/cmake)
[3.141s] -- Found std_srvs: 5.5.2 (/opt/ros/kilted/share/std_srvs/cmake)
[3.167s] -- Found turtlesim_msgs: 1.9.4 (/home/alexandre/PAIR_ROS2/install/turtlesim_msgs/share/turtlesim_msgs/cmake)
[3.200s] -- Found ament_lint_auto: 0.19.2 (/opt/ros/kilted/share/ament_lint_auto/cmake)
[3.355s] -- Added test 'copyright' to check source files copyright and LICENSE
[3.361s] -- Added test 'cppcheck' to perform static code analysis on C / C++ code
[3.361s] -- Configured cppcheck include dirs: /home/alexandre/PAIR_ROS2/src/ros_tutorials/turtlesim/include
[3.361s] -- Configured cppcheck exclude dirs and/or files: 
[3.364s] -- Added test 'cpplint' to check C / C++ code against the Google style
[3.364s] -- Configured cpplint exclude dirs and/or files: 
[3.366s] -- Added test 'flake8' to check Python code syntax and style conventions
[3.367s] -- Configured 'flake8' exclude dirs and/or files: 
[3.370s] -- Added test 'lint_cmake' to check CMake code style
[3.372s] -- Added test 'pep257' to check Python code against some of the docstring style conventions in PEP 257
[3.375s] -- Added test 'uncrustify' to check C / C++ code style
[3.375s] -- Configured uncrustify additional arguments: 
[3.377s] -- Added test 'xmllint' to check XML markup files
[3.379s] -- Configuring done (3.2s)
[3.433s] -- Generating done (0.0s)
[3.445s] -- Build files have been written to: /home/alexandre/PAIR_ROS2/build/turtlesim
[3.459s] Invoked command in '/home/alexandre/PAIR_ROS2/build/turtlesim' returned '0': AMENT_PREFIX_PATH=/home/alexandre/PAIR_ROS2/install/turtlesim_msgs:${AMENT_PREFIX_PATH} CMAKE_PREFIX_PATH=/home/alexandre/PAIR_ROS2/install/turtlesim_msgs:/opt/ros/kilted/opt/sdformat_vendor:/opt/ros/kilted/opt/gz_math_vendor:/opt/ros/kilted/opt/gz_utils_vendor:/opt/ros/kilted/opt/gz_tools_vendor:/opt/ros/kilted/opt/gz_cmake_vendor:/opt/ros/kilted LD_LIBRARY_PATH=/home/alexandre/PAIR_ROS2/install/turtlesim_msgs/lib:${LD_LIBRARY_PATH} PYTHONPATH=/home/alexandre/PAIR_ROS2/install/turtlesim_msgs/lib/python3.12/site-packages:${PYTHONPATH} /usr/bin/cmake /home/alexandre/PAIR_ROS2/src/ros_tutorials/turtlesim -DCMAKE_INSTALL_PREFIX=/home/alexandre/PAIR_ROS2/install/turtlesim
[3.460s] Invoking command in '/home/alexandre/PAIR_ROS2/build/turtlesim': AMENT_PREFIX_PATH=/home/alexandre/PAIR_ROS2/install/turtlesim_msgs:${AMENT_PREFIX_PATH} CMAKE_PREFIX_PATH=/home/alexandre/PAIR_ROS2/install/turtlesim_msgs:/opt/ros/kilted/opt/sdformat_vendor:/opt/ros/kilted/opt/gz_math_vendor:/opt/ros/kilted/opt/gz_utils_vendor:/opt/ros/kilted/opt/gz_tools_vendor:/opt/ros/kilted/opt/gz_cmake_vendor:/opt/ros/kilted LD_LIBRARY_PATH=/home/alexandre/PAIR_ROS2/install/turtlesim_msgs/lib:${LD_LIBRARY_PATH} PYTHONPATH=/home/alexandre/PAIR_ROS2/install/turtlesim_msgs/lib/python3.12/site-packages:${PYTHONPATH} /usr/bin/cmake --build /home/alexandre/PAIR_ROS2/build/turtlesim -- -j8 -l8
[3.515s] [  8%] [34m[1mGenerating include/turtlesim/moc_turtle_frame.cpp[0m
[3.529s] [ 16%] [32mBuilding CXX object CMakeFiles/draw_square.dir/tutorials/draw_square.cpp.o[0m
[3.531s] [ 25%] [32mBuilding CXX object CMakeFiles/turtle_teleop_key.dir/tutorials/teleop_turtle_key.cpp.o[0m
[3.531s] [ 33%] [32mBuilding CXX object CMakeFiles/mimic.dir/tutorials/mimic.cpp.o[0m
[3.740s] [ 50%] [32mBuilding CXX object CMakeFiles/turtlesim_node.dir/src/turtle.cpp.o[0m
[3.740s] [ 50%] [32mBuilding CXX object CMakeFiles/turtlesim_node.dir/src/turtlesim.cpp.o[0m
[3.740s] [ 58%] [32mBuilding CXX object CMakeFiles/turtlesim_node.dir/src/turtle_frame.cpp.o[0m
[3.741s] [ 66%] [32mBuilding CXX object CMakeFiles/turtlesim_node.dir/include/turtlesim/moc_turtle_frame.cpp.o[0m
[39.870s] [ 75%] [32m[1mLinking CXX executable turtle_teleop_key[0m
[40.698s] [ 75%] Built target turtle_teleop_key
[46.254s] [ 83%] [32m[1mLinking CXX executable mimic[0m
[46.846s] [ 91%] [32m[1mLinking CXX executable draw_square[0m
[47.047s] [ 91%] Built target mimic
[47.678s] [ 91%] Built target draw_square
[52.875s] [100%] [32m[1mLinking CXX executable turtlesim_node[0m
[55.446s] [100%] Built target turtlesim_node
[55.598s] Invoked command in '/home/alexandre/PAIR_ROS2/build/turtlesim' returned '0': AMENT_PREFIX_PATH=/home/alexandre/PAIR_ROS2/install/turtlesim_msgs:${AMENT_PREFIX_PATH} CMAKE_PREFIX_PATH=/home/alexandre/PAIR_ROS2/install/turtlesim_msgs:/opt/ros/kilted/opt/sdformat_vendor:/opt/ros/kilted/opt/gz_math_vendor:/opt/ros/kilted/opt/gz_utils_vendor:/opt/ros/kilted/opt/gz_tools_vendor:/opt/ros/kilted/opt/gz_cmake_vendor:/opt/ros/kilted LD_LIBRARY_PATH=/home/alexandre/PAIR_ROS2/install/turtlesim_msgs/lib:${LD_LIBRARY_PATH} PYTHONPATH=/home/alexandre/PAIR_ROS2/install/turtlesim_msgs/lib/python3.12/site-packages:${PYTHONPATH} /usr/bin/cmake --build /home/alexandre/PAIR_ROS2/build/turtlesim -- -j8 -l8
[55.683s] Invoking command in '/home/alexandre/PAIR_ROS2/build/turtlesim': AMENT_PREFIX_PATH=/home/alexandre/PAIR_ROS2/install/turtlesim_msgs:${AMENT_PREFIX_PATH} CMAKE_PREFIX_PATH=/home/alexandre/PAIR_ROS2/install/turtlesim_msgs:/opt/ros/kilted/opt/sdformat_vendor:/opt/ros/kilted/opt/gz_math_vendor:/opt/ros/kilted/opt/gz_utils_vendor:/opt/ros/kilted/opt/gz_tools_vendor:/opt/ros/kilted/opt/gz_cmake_vendor:/opt/ros/kilted LD_LIBRARY_PATH=/home/alexandre/PAIR_ROS2/install/turtlesim_msgs/lib:${LD_LIBRARY_PATH} PYTHONPATH=/home/alexandre/PAIR_ROS2/install/turtlesim_msgs/lib/python3.12/site-packages:${PYTHONPATH} /usr/bin/cmake --install /home/alexandre/PAIR_ROS2/build/turtlesim
[55.718s] -- Install configuration: ""
[55.718s] -- Installing: /home/alexandre/PAIR_ROS2/install/turtlesim/lib/turtlesim/turtlesim_node
[55.730s] -- Set non-toolchain portion of runtime path of "/home/alexandre/PAIR_ROS2/install/turtlesim/lib/turtlesim/turtlesim_node" to ""
[55.731s] -- Installing: /home/alexandre/PAIR_ROS2/install/turtlesim/lib/turtlesim/turtle_teleop_key
[55.733s] -- Set non-toolchain portion of runtime path of "/home/alexandre/PAIR_ROS2/install/turtlesim/lib/turtlesim/turtle_teleop_key" to ""
[55.733s] -- Installing: /home/alexandre/PAIR_ROS2/install/turtlesim/lib/turtlesim/draw_square
[55.739s] -- Set non-toolchain portion of runtime path of "/home/alexandre/PAIR_ROS2/install/turtlesim/lib/turtlesim/draw_square" to ""
[55.739s] -- Installing: /home/alexandre/PAIR_ROS2/install/turtlesim/lib/turtlesim/mimic
[55.744s] -- Set non-toolchain portion of runtime path of "/home/alexandre/PAIR_ROS2/install/turtlesim/lib/turtlesim/mimic" to ""
[55.746s] -- Installing: /home/alexandre/PAIR_ROS2/install/turtlesim/share/turtlesim/images
[55.747s] -- Installing: /home/alexandre/PAIR_ROS2/install/turtlesim/share/turtlesim/images/iron.png
[55.747s] -- Installing: /home/alexandre/PAIR_ROS2/install/turtlesim/share/turtlesim/images/bouncy.png
[55.748s] -- Installing: /home/alexandre/PAIR_ROS2/install/turtlesim/share/turtlesim/images/dashing.png
[55.749s] -- Installing: /home/alexandre/PAIR_ROS2/install/turtlesim/share/turtlesim/images/jazzy.png
[55.749s] -- Installing: /home/alexandre/PAIR_ROS2/install/turtlesim/share/turtlesim/images/kilted.png
[55.750s] -- Installing: /home/alexandre/PAIR_ROS2/install/turtlesim/share/turtlesim/images/humble.png
[55.751s] -- Installing: /home/alexandre/PAIR_ROS2/install/turtlesim/share/turtlesim/images/crystal.png
[55.751s] -- Installing: /home/alexandre/PAIR_ROS2/install/turtlesim/share/turtlesim/images/galactic.png
[55.752s] -- Installing: /home/alexandre/PAIR_ROS2/install/turtlesim/share/turtlesim/images/ardent.png
[55.753s] -- Installing: /home/alexandre/PAIR_ROS2/install/turtlesim/share/turtlesim/images/foxy.png
[55.754s] -- Installing: /home/alexandre/PAIR_ROS2/install/turtlesim/share/turtlesim/images/eloquent.png
[55.754s] -- Installing: /home/alexandre/PAIR_ROS2/install/turtlesim/share/turtlesim/images/rolling.png
[55.755s] -- Installing: /home/alexandre/PAIR_ROS2/install/turtlesim/share/turtlesim/launch
[55.756s] -- Installing: /home/alexandre/PAIR_ROS2/install/turtlesim/share/turtlesim/launch/multisim.launch.py
[55.759s] -- Installing: /home/alexandre/PAIR_ROS2/install/turtlesim/share/ament_index/resource_index/package_run_dependencies/turtlesim
[55.760s] -- Installing: /home/alexandre/PAIR_ROS2/install/turtlesim/share/ament_index/resource_index/parent_prefix_path/turtlesim
[55.763s] -- Installing: /home/alexandre/PAIR_ROS2/install/turtlesim/share/turtlesim/environment/ament_prefix_path.sh
[55.764s] -- Installing: /home/alexandre/PAIR_ROS2/install/turtlesim/share/turtlesim/environment/ament_prefix_path.dsv
[55.764s] -- Installing: /home/alexandre/PAIR_ROS2/install/turtlesim/share/turtlesim/environment/path.sh
[55.765s] -- Installing: /home/alexandre/PAIR_ROS2/install/turtlesim/share/turtlesim/environment/path.dsv
[55.766s] -- Installing: /home/alexandre/PAIR_ROS2/install/turtlesim/share/turtlesim/local_setup.bash
[55.767s] -- Installing: /home/alexandre/PAIR_ROS2/install/turtlesim/share/turtlesim/local_setup.sh
[55.767s] -- Installing: /home/alexandre/PAIR_ROS2/install/turtlesim/share/turtlesim/local_setup.zsh
[55.768s] -- Installing: /home/alexandre/PAIR_ROS2/install/turtlesim/share/turtlesim/local_setup.dsv
[55.769s] -- Installing: /home/alexandre/PAIR_ROS2/install/turtlesim/share/turtlesim/package.dsv
[55.770s] -- Installing: /home/alexandre/PAIR_ROS2/install/turtlesim/share/ament_index/resource_index/packages/turtlesim
[55.771s] -- Installing: /home/alexandre/PAIR_ROS2/install/turtlesim/share/turtlesim/cmake/turtlesimConfig.cmake
[55.772s] -- Installing: /home/alexandre/PAIR_ROS2/install/turtlesim/share/turtlesim/cmake/turtlesimConfig-version.cmake
[55.773s] -- Installing: /home/alexandre/PAIR_ROS2/install/turtlesim/share/turtlesim/package.xml
[55.789s] Invoked command in '/home/alexandre/PAIR_ROS2/build/turtlesim' returned '0': AMENT_PREFIX_PATH=/home/alexandre/PAIR_ROS2/install/turtlesim_msgs:${AMENT_PREFIX_PATH} CMAKE_PREFIX_PATH=/home/alexandre/PAIR_ROS2/install/turtlesim_msgs:/opt/ros/kilted/opt/sdformat_vendor:/opt/ros/kilted/opt/gz_math_vendor:/opt/ros/kilted/opt/gz_utils_vendor:/opt/ros/kilted/opt/gz_tools_vendor:/opt/ros/kilted/opt/gz_cmake_vendor:/opt/ros/kilted LD_LIBRARY_PATH=/home/alexandre/PAIR_ROS2/install/turtlesim_msgs/lib:${LD_LIBRARY_PATH} PYTHONPATH=/home/alexandre/PAIR_ROS2/install/turtlesim_msgs/lib/python3.12/site-packages:${PYTHONPATH} /usr/bin/cmake --install /home/alexandre/PAIR_ROS2/build/turtlesim
